{"C:\\Users\\tiamk\\OneDrive\\Mes cours\\Site_Restaurant\\auth.js": {"path":"C:\\Users\\tiamk\\OneDrive\\Mes cours\\Site_Restaurant\\auth.js","statementMap":{"0":{"start":{"line":6,"column":15},"end":{"line":9,"column":1}},"1":{"start":{"line":12,"column":0},"end":{"line":31,"column":2}},"2":{"start":{"line":14,"column":4},"end":{"line":29,"column":5}},"3":{"start":{"line":16,"column":19},"end":{"line":16,"column":48}},"4":{"start":{"line":17,"column":6},"end":{"line":19,"column":7}},"5":{"start":{"line":18,"column":8},"end":{"line":18,"column":73}},"6":{"start":{"line":21,"column":21},"end":{"line":21,"column":74}},"7":{"start":{"line":22,"column":6},"end":{"line":24,"column":7}},"8":{"start":{"line":23,"column":8},"end":{"line":23,"column":73}},"9":{"start":{"line":26,"column":6},"end":{"line":26,"column":30}},"10":{"start":{"line":28,"column":6},"end":{"line":28,"column":25}},"11":{"start":{"line":34,"column":0},"end":{"line":36,"column":3}},"12":{"start":{"line":35,"column":2},"end":{"line":35,"column":34}},"13":{"start":{"line":39,"column":0},"end":{"line":46,"column":3}},"14":{"start":{"line":40,"column":2},"end":{"line":45,"column":3}},"15":{"start":{"line":41,"column":17},"end":{"line":41,"column":38}},"16":{"start":{"line":42,"column":4},"end":{"line":42,"column":21}},"17":{"start":{"line":44,"column":4},"end":{"line":44,"column":16}}},"fnMap":{"0":{"name":"(anonymous_0)","decl":{"start":{"line":13,"column":23},"end":{"line":13,"column":24}},"loc":{"start":{"line":13,"column":63},"end":{"line":30,"column":3}},"line":13},"1":{"name":"(anonymous_1)","decl":{"start":{"line":34,"column":23},"end":{"line":34,"column":24}},"loc":{"start":{"line":34,"column":39},"end":{"line":36,"column":1}},"line":34},"2":{"name":"(anonymous_2)","decl":{"start":{"line":39,"column":25},"end":{"line":39,"column":26}},"loc":{"start":{"line":39,"column":45},"end":{"line":46,"column":1}},"line":39}},"branchMap":{"0":{"loc":{"start":{"line":17,"column":6},"end":{"line":19,"column":7}},"type":"if","locations":[{"start":{"line":17,"column":6},"end":{"line":19,"column":7}},{"start":{},"end":{}}],"line":17},"1":{"loc":{"start":{"line":22,"column":6},"end":{"line":24,"column":7}},"type":"if","locations":[{"start":{"line":22,"column":6},"end":{"line":24,"column":7}},{"start":{},"end":{}}],"line":22}},"s":{"0":0,"1":0,"2":0,"3":0,"4":0,"5":0,"6":0,"7":0,"8":0,"9":0,"10":0,"11":0,"12":0,"13":0,"14":0,"15":0,"16":0,"17":0},"f":{"0":0,"1":0,"2":0},"b":{"0":[0,0],"1":[0,0]},"inputSourceMap":null}
,"C:\\Users\\tiamk\\OneDrive\\Mes cours\\Site_Restaurant\\csp-options.js": {"path":"C:\\Users\\tiamk\\OneDrive\\Mes cours\\Site_Restaurant\\csp-options.js","statementMap":{"0":{"start":{"line":1,"column":14},"end":{"line":1,"column":16}},"1":{"start":{"line":3,"column":0},"end":{"line":21,"column":1}},"2":{"start":{"line":4,"column":1},"end":{"line":20,"column":3}}},"fnMap":{},"branchMap":{"0":{"loc":{"start":{"line":3,"column":0},"end":{"line":21,"column":1}},"type":"if","locations":[{"start":{"line":3,"column":0},"end":{"line":21,"column":1}},{"start":{},"end":{}}],"line":3}},"s":{"0":0,"1":0,"2":0},"f":{},"b":{"0":[0,0]},"inputSourceMap":null}
,"C:\\Users\\tiamk\\OneDrive\\Mes cours\\Site_Restaurant\\routes.js": {"path":"C:\\Users\\tiamk\\OneDrive\\Mes cours\\Site_Restaurant\\routes.js","statementMap":{"0":{"start":{"line":28,"column":15},"end":{"line":28,"column":33}},"1":{"start":{"line":30,"column":15},"end":{"line":30,"column":23}},"2":{"start":{"line":34,"column":0},"end":{"line":43,"column":3}},"3":{"start":{"line":35,"column":2},"end":{"line":42,"column":3}},"4":{"start":{"line":36,"column":21},"end":{"line":36,"column":43}},"5":{"start":{"line":37,"column":4},"end":{"line":37,"column":35}},"6":{"start":{"line":38,"column":4},"end":{"line":38,"column":26}},"7":{"start":{"line":40,"column":4},"end":{"line":40,"column":57}},"8":{"start":{"line":41,"column":4},"end":{"line":41,"column":16}},"9":{"start":{"line":45,"column":0},"end":{"line":69,"column":3}},"10":{"start":{"line":46,"column":2},"end":{"line":68,"column":3}},"11":{"start":{"line":47,"column":4},"end":{"line":65,"column":7}},"12":{"start":{"line":67,"column":4},"end":{"line":67,"column":16}},"13":{"start":{"line":71,"column":0},"end":{"line":96,"column":3}},"14":{"start":{"line":72,"column":2},"end":{"line":95,"column":3}},"15":{"start":{"line":73,"column":4},"end":{"line":92,"column":7}},"16":{"start":{"line":94,"column":4},"end":{"line":94,"column":16}},"17":{"start":{"line":98,"column":0},"end":{"line":125,"column":3}},"18":{"start":{"line":99,"column":2},"end":{"line":124,"column":3}},"19":{"start":{"line":100,"column":4},"end":{"line":121,"column":7}},"20":{"start":{"line":123,"column":4},"end":{"line":123,"column":16}},"21":{"start":{"line":127,"column":0},"end":{"line":144,"column":2}},"22":{"start":{"line":132,"column":4},"end":{"line":142,"column":5}},"23":{"start":{"line":133,"column":39},"end":{"line":133,"column":47}},"24":{"start":{"line":134,"column":22},"end":{"line":134,"column":66}},"25":{"start":{"line":135,"column":6},"end":{"line":138,"column":9}},"26":{"start":{"line":140,"column":6},"end":{"line":140,"column":73}},"27":{"start":{"line":141,"column":6},"end":{"line":141,"column":18}},"28":{"start":{"line":145,"column":0},"end":{"line":167,"column":2}},"29":{"start":{"line":150,"column":4},"end":{"line":165,"column":5}},"30":{"start":{"line":151,"column":17},"end":{"line":151,"column":30}},"31":{"start":{"line":152,"column":27},"end":{"line":152,"column":35}},"32":{"start":{"line":153,"column":23},"end":{"line":153,"column":68}},"33":{"start":{"line":155,"column":6},"end":{"line":158,"column":9}},"34":{"start":{"line":160,"column":6},"end":{"line":163,"column":8}},"35":{"start":{"line":164,"column":6},"end":{"line":164,"column":18}},"36":{"start":{"line":169,"column":0},"end":{"line":191,"column":2}},"37":{"start":{"line":174,"column":4},"end":{"line":189,"column":5}},"38":{"start":{"line":175,"column":17},"end":{"line":175,"column":40}},"39":{"start":{"line":176,"column":30},"end":{"line":176,"column":59}},"40":{"start":{"line":177,"column":6},"end":{"line":185,"column":7}},"41":{"start":{"line":178,"column":8},"end":{"line":180,"column":11}},"42":{"start":{"line":182,"column":8},"end":{"line":184,"column":11}},"43":{"start":{"line":187,"column":6},"end":{"line":187,"column":61}},"44":{"start":{"line":188,"column":6},"end":{"line":188,"column":18}},"45":{"start":{"line":193,"column":0},"end":{"line":201,"column":3}},"46":{"start":{"line":194,"column":2},"end":{"line":200,"column":3}},"47":{"start":{"line":195,"column":23},"end":{"line":195,"column":41}},"48":{"start":{"line":196,"column":4},"end":{"line":196,"column":53}},"49":{"start":{"line":198,"column":4},"end":{"line":198,"column":55}},"50":{"start":{"line":199,"column":4},"end":{"line":199,"column":16}},"51":{"start":{"line":203,"column":0},"end":{"line":213,"column":3}},"52":{"start":{"line":204,"column":2},"end":{"line":212,"column":3}},"53":{"start":{"line":205,"column":20},"end":{"line":205,"column":42}},"54":{"start":{"line":206,"column":4},"end":{"line":208,"column":7}},"55":{"start":{"line":210,"column":4},"end":{"line":210,"column":69}},"56":{"start":{"line":211,"column":4},"end":{"line":211,"column":16}},"57":{"start":{"line":215,"column":0},"end":{"line":223,"column":3}},"58":{"start":{"line":216,"column":2},"end":{"line":222,"column":3}},"59":{"start":{"line":217,"column":19},"end":{"line":217,"column":46}},"60":{"start":{"line":218,"column":4},"end":{"line":218,"column":33}},"61":{"start":{"line":220,"column":4},"end":{"line":220,"column":55}},"62":{"start":{"line":221,"column":4},"end":{"line":221,"column":16}},"63":{"start":{"line":225,"column":0},"end":{"line":286,"column":2}},"64":{"start":{"line":230,"column":4},"end":{"line":284,"column":5}},"65":{"start":{"line":231,"column":70},"end":{"line":231,"column":78}},"66":{"start":{"line":233,"column":6},"end":{"line":237,"column":7}},"67":{"start":{"line":234,"column":8},"end":{"line":236,"column":11}},"68":{"start":{"line":239,"column":21},"end":{"line":239,"column":48}},"69":{"start":{"line":240,"column":6},"end":{"line":244,"column":7}},"70":{"start":{"line":241,"column":8},"end":{"line":243,"column":11}},"71":{"start":{"line":246,"column":24},"end":{"line":246,"column":27}},"72":{"start":{"line":247,"column":28},"end":{"line":247,"column":31}},"73":{"start":{"line":248,"column":28},"end":{"line":252,"column":7}},"74":{"start":{"line":254,"column":25},"end":{"line":260,"column":7}},"75":{"start":{"line":262,"column":6},"end":{"line":277,"column":9}},"76":{"start":{"line":279,"column":6},"end":{"line":282,"column":8}},"77":{"start":{"line":283,"column":6},"end":{"line":283,"column":18}},"78":{"start":{"line":288,"column":0},"end":{"line":303,"column":3}},"79":{"start":{"line":289,"column":2},"end":{"line":302,"column":3}},"80":{"start":{"line":290,"column":27},"end":{"line":290,"column":63}},"81":{"start":{"line":291,"column":4},"end":{"line":299,"column":7}},"82":{"start":{"line":301,"column":4},"end":{"line":301,"column":16}},"83":{"start":{"line":305,"column":0},"end":{"line":323,"column":3}},"84":{"start":{"line":306,"column":2},"end":{"line":322,"column":3}},"85":{"start":{"line":307,"column":24},"end":{"line":307,"column":56}},"86":{"start":{"line":308,"column":33},"end":{"line":308,"column":41}},"87":{"start":{"line":310,"column":4},"end":{"line":312,"column":5}},"88":{"start":{"line":311,"column":6},"end":{"line":311,"column":75}},"89":{"start":{"line":314,"column":21},"end":{"line":314,"column":72}},"90":{"start":{"line":315,"column":4},"end":{"line":318,"column":7}},"91":{"start":{"line":320,"column":4},"end":{"line":320,"column":71}},"92":{"start":{"line":321,"column":4},"end":{"line":321,"column":16}},"93":{"start":{"line":325,"column":0},"end":{"line":347,"column":3}},"94":{"start":{"line":326,"column":2},"end":{"line":346,"column":3}},"95":{"start":{"line":328,"column":6},"end":{"line":328,"column":14}},"96":{"start":{"line":329,"column":20},"end":{"line":335,"column":5}},"97":{"start":{"line":337,"column":4},"end":{"line":337,"column":34}},"98":{"start":{"line":339,"column":4},"end":{"line":341,"column":5}},"99":{"start":{"line":340,"column":6},"end":{"line":340,"column":62}},"100":{"start":{"line":342,"column":4},"end":{"line":344,"column":5}},"101":{"start":{"line":343,"column":6},"end":{"line":343,"column":62}},"102":{"start":{"line":345,"column":4},"end":{"line":345,"column":16}},"103":{"start":{"line":349,"column":0},"end":{"line":375,"column":3}},"104":{"start":{"line":350,"column":2},"end":{"line":374,"column":21}},"105":{"start":{"line":351,"column":4},"end":{"line":353,"column":5}},"106":{"start":{"line":352,"column":6},"end":{"line":352,"column":16}},"107":{"start":{"line":355,"column":4},"end":{"line":359,"column":5}},"108":{"start":{"line":356,"column":6},"end":{"line":358,"column":9}},"109":{"start":{"line":361,"column":4},"end":{"line":373,"column":7}},"110":{"start":{"line":362,"column":6},"end":{"line":364,"column":7}},"111":{"start":{"line":363,"column":8},"end":{"line":363,"column":18}},"112":{"start":{"line":366,"column":44},"end":{"line":366,"column":48}},"113":{"start":{"line":368,"column":6},"end":{"line":372,"column":9}},"114":{"start":{"line":377,"column":0},"end":{"line":395,"column":3}},"115":{"start":{"line":378,"column":2},"end":{"line":394,"column":5}},"116":{"start":{"line":379,"column":4},"end":{"line":381,"column":5}},"117":{"start":{"line":380,"column":6},"end":{"line":380,"column":23}},"118":{"start":{"line":383,"column":4},"end":{"line":388,"column":7}},"119":{"start":{"line":390,"column":4},"end":{"line":393,"column":7}}},"fnMap":{"0":{"name":"(anonymous_0)","decl":{"start":{"line":34,"column":28},"end":{"line":34,"column":29}},"loc":{"start":{"line":34,"column":54},"end":{"line":43,"column":1}},"line":34},"1":{"name":"(anonymous_1)","decl":{"start":{"line":45,"column":16},"end":{"line":45,"column":17}},"loc":{"start":{"line":45,"column":42},"end":{"line":69,"column":1}},"line":45},"2":{"name":"(anonymous_2)","decl":{"start":{"line":71,"column":32},"end":{"line":71,"column":33}},"loc":{"start":{"line":71,"column":58},"end":{"line":96,"column":1}},"line":71},"3":{"name":"(anonymous_3)","decl":{"start":{"line":98,"column":21},"end":{"line":98,"column":22}},"loc":{"start":{"line":98,"column":47},"end":{"line":125,"column":1}},"line":98},"4":{"name":"(anonymous_4)","decl":{"start":{"line":131,"column":2},"end":{"line":131,"column":3}},"loc":{"start":{"line":131,"column":28},"end":{"line":143,"column":3}},"line":131},"5":{"name":"(anonymous_5)","decl":{"start":{"line":149,"column":2},"end":{"line":149,"column":3}},"loc":{"start":{"line":149,"column":28},"end":{"line":166,"column":3}},"line":149},"6":{"name":"(anonymous_6)","decl":{"start":{"line":173,"column":2},"end":{"line":173,"column":3}},"loc":{"start":{"line":173,"column":28},"end":{"line":190,"column":3}},"line":173},"7":{"name":"(anonymous_7)","decl":{"start":{"line":193,"column":44},"end":{"line":193,"column":45}},"loc":{"start":{"line":193,"column":70},"end":{"line":201,"column":1}},"line":193},"8":{"name":"(anonymous_8)","decl":{"start":{"line":203,"column":41},"end":{"line":203,"column":42}},"loc":{"start":{"line":203,"column":67},"end":{"line":213,"column":1}},"line":203},"9":{"name":"(anonymous_9)","decl":{"start":{"line":215,"column":36},"end":{"line":215,"column":37}},"loc":{"start":{"line":215,"column":62},"end":{"line":223,"column":1}},"line":215},"10":{"name":"(anonymous_10)","decl":{"start":{"line":229,"column":2},"end":{"line":229,"column":3}},"loc":{"start":{"line":229,"column":28},"end":{"line":285,"column":3}},"line":229},"11":{"name":"(anonymous_11)","decl":{"start":{"line":288,"column":25},"end":{"line":288,"column":26}},"loc":{"start":{"line":288,"column":51},"end":{"line":303,"column":1}},"line":288},"12":{"name":"(anonymous_12)","decl":{"start":{"line":305,"column":55},"end":{"line":305,"column":56}},"loc":{"start":{"line":305,"column":81},"end":{"line":323,"column":1}},"line":305},"13":{"name":"(anonymous_13)","decl":{"start":{"line":325,"column":50},"end":{"line":325,"column":51}},"loc":{"start":{"line":325,"column":76},"end":{"line":347,"column":1}},"line":325},"14":{"name":"(anonymous_14)","decl":{"start":{"line":349,"column":41},"end":{"line":349,"column":42}},"loc":{"start":{"line":349,"column":61},"end":{"line":375,"column":1}},"line":349},"15":{"name":"(anonymous_15)","decl":{"start":{"line":350,"column":33},"end":{"line":350,"column":34}},"loc":{"start":{"line":350,"column":54},"end":{"line":374,"column":3}},"line":350},"16":{"name":"(anonymous_16)","decl":{"start":{"line":361,"column":20},"end":{"line":361,"column":21}},"loc":{"start":{"line":361,"column":29},"end":{"line":373,"column":5}},"line":361},"17":{"name":"(anonymous_17)","decl":{"start":{"line":377,"column":38},"end":{"line":377,"column":39}},"loc":{"start":{"line":377,"column":58},"end":{"line":395,"column":1}},"line":377},"18":{"name":"(anonymous_18)","decl":{"start":{"line":378,"column":13},"end":{"line":378,"column":14}},"loc":{"start":{"line":378,"column":22},"end":{"line":394,"column":3}},"line":378}},"branchMap":{"0":{"loc":{"start":{"line":64,"column":15},"end":{"line":64,"column":61}},"type":"binary-expr","locations":[{"start":{"line":64,"column":15},"end":{"line":64,"column":23}},{"start":{"line":64,"column":27},"end":{"line":64,"column":61}}],"line":64},"1":{"loc":{"start":{"line":91,"column":15},"end":{"line":91,"column":61}},"type":"binary-expr","locations":[{"start":{"line":91,"column":15},"end":{"line":91,"column":23}},{"start":{"line":91,"column":27},"end":{"line":91,"column":61}}],"line":91},"2":{"loc":{"start":{"line":120,"column":15},"end":{"line":120,"column":61}},"type":"binary-expr","locations":[{"start":{"line":120,"column":15},"end":{"line":120,"column":23}},{"start":{"line":120,"column":27},"end":{"line":120,"column":61}}],"line":120},"3":{"loc":{"start":{"line":177,"column":6},"end":{"line":185,"column":7}},"type":"if","locations":[{"start":{"line":177,"column":6},"end":{"line":185,"column":7}},{"start":{"line":181,"column":13},"end":{"line":185,"column":7}}],"line":177},"4":{"loc":{"start":{"line":233,"column":6},"end":{"line":237,"column":7}},"type":"if","locations":[{"start":{"line":233,"column":6},"end":{"line":237,"column":7}},{"start":{},"end":{}}],"line":233},"5":{"loc":{"start":{"line":233,"column":10},"end":{"line":233,"column":58}},"type":"binary-expr","locations":[{"start":{"line":233,"column":10},"end":{"line":233,"column":28}},{"start":{"line":233,"column":32},"end":{"line":233,"column":44}},{"start":{"line":233,"column":48},"end":{"line":233,"column":58}}],"line":233},"6":{"loc":{"start":{"line":240,"column":6},"end":{"line":244,"column":7}},"type":"if","locations":[{"start":{"line":240,"column":6},"end":{"line":244,"column":7}},{"start":{},"end":{}}],"line":240},"7":{"loc":{"start":{"line":298,"column":15},"end":{"line":298,"column":61}},"type":"binary-expr","locations":[{"start":{"line":298,"column":15},"end":{"line":298,"column":23}},{"start":{"line":298,"column":27},"end":{"line":298,"column":61}}],"line":298},"8":{"loc":{"start":{"line":310,"column":4},"end":{"line":312,"column":5}},"type":"if","locations":[{"start":{"line":310,"column":4},"end":{"line":312,"column":5}},{"start":{},"end":{}}],"line":310},"9":{"loc":{"start":{"line":310,"column":8},"end":{"line":310,"column":46}},"type":"binary-expr","locations":[{"start":{"line":310,"column":8},"end":{"line":310,"column":26}},{"start":{"line":310,"column":30},"end":{"line":310,"column":46}}],"line":310},"10":{"loc":{"start":{"line":339,"column":4},"end":{"line":341,"column":5}},"type":"if","locations":[{"start":{"line":339,"column":4},"end":{"line":341,"column":5}},{"start":{},"end":{}}],"line":339},"11":{"loc":{"start":{"line":342,"column":4},"end":{"line":344,"column":5}},"type":"if","locations":[{"start":{"line":342,"column":4},"end":{"line":344,"column":5}},{"start":{},"end":{}}],"line":342},"12":{"loc":{"start":{"line":351,"column":4},"end":{"line":353,"column":5}},"type":"if","locations":[{"start":{"line":351,"column":4},"end":{"line":353,"column":5}},{"start":{},"end":{}}],"line":351},"13":{"loc":{"start":{"line":355,"column":4},"end":{"line":359,"column":5}},"type":"if","locations":[{"start":{"line":355,"column":4},"end":{"line":359,"column":5}},{"start":{},"end":{}}],"line":355},"14":{"loc":{"start":{"line":357,"column":15},"end":{"line":357,"column":56}},"type":"binary-expr","locations":[{"start":{"line":357,"column":15},"end":{"line":357,"column":28}},{"start":{"line":357,"column":32},"end":{"line":357,"column":56}}],"line":357},"15":{"loc":{"start":{"line":362,"column":6},"end":{"line":364,"column":7}},"type":"if","locations":[{"start":{"line":362,"column":6},"end":{"line":364,"column":7}},{"start":{},"end":{}}],"line":362},"16":{"loc":{"start":{"line":379,"column":4},"end":{"line":381,"column":5}},"type":"if","locations":[{"start":{"line":379,"column":4},"end":{"line":381,"column":5}},{"start":{},"end":{}}],"line":379}},"s":{"0":0,"1":0,"2":0,"3":0,"4":0,"5":0,"6":0,"7":0,"8":0,"9":0,"10":0,"11":0,"12":0,"13":0,"14":0,"15":0,"16":0,"17":0,"18":0,"19":0,"20":0,"21":0,"22":0,"23":0,"24":0,"25":0,"26":0,"27":0,"28":0,"29":0,"30":0,"31":0,"32":0,"33":0,"34":0,"35":0,"36":0,"37":0,"38":0,"39":0,"40":0,"41":0,"42":0,"43":0,"44":0,"45":0,"46":0,"47":0,"48":0,"49":0,"50":0,"51":0,"52":0,"53":0,"54":0,"55":0,"56":0,"57":0,"58":0,"59":0,"60":0,"61":0,"62":0,"63":0,"64":0,"65":0,"66":0,"67":0,"68":0,"69":0,"70":0,"71":0,"72":0,"73":0,"74":0,"75":0,"76":0,"77":0,"78":0,"79":0,"80":0,"81":0,"82":0,"83":0,"84":0,"85":0,"86":0,"87":0,"88":0,"89":0,"90":0,"91":0,"92":0,"93":0,"94":0,"95":0,"96":0,"97":0,"98":0,"99":0,"100":0,"101":0,"102":0,"103":0,"104":0,"105":0,"106":0,"107":0,"108":0,"109":0,"110":0,"111":0,"112":0,"113":0,"114":0,"115":0,"116":0,"117":0,"118":0,"119":0},"f":{"0":0,"1":0,"2":0,"3":0,"4":0,"5":0,"6":0,"7":0,"8":0,"9":0,"10":0,"11":0,"12":0,"13":0,"14":0,"15":0,"16":0,"17":0,"18":0},"b":{"0":[0,0],"1":[0,0],"2":[0,0],"3":[0,0],"4":[0,0],"5":[0,0,0],"6":[0,0],"7":[0,0],"8":[0,0],"9":[0,0],"10":[0,0],"11":[0,0],"12":[0,0],"13":[0,0],"14":[0,0],"15":[0,0],"16":[0,0]},"inputSourceMap":null}
,"C:\\Users\\tiamk\\OneDrive\\Mes cours\\Site_Restaurant\\seed.js": {"path":"C:\\Users\\tiamk\\OneDrive\\Mes cours\\Site_Restaurant\\seed.js","statementMap":{"0":{"start":{"line":5,"column":2},"end":{"line":5,"column":64}},"1":{"start":{"line":9,"column":2},"end":{"line":234,"column":3}},"2":{"start":{"line":11,"column":4},"end":{"line":11,"column":32}},"3":{"start":{"line":14,"column":4},"end":{"line":14,"column":28}},"4":{"start":{"line":15,"column":4},"end":{"line":15,"column":51}},"5":{"start":{"line":22,"column":4},"end":{"line":24,"column":6}},"6":{"start":{"line":25,"column":4},"end":{"line":25,"column":48}},"7":{"start":{"line":26,"column":4},"end":{"line":26,"column":41}},"8":{"start":{"line":27,"column":4},"end":{"line":27,"column":44}},"9":{"start":{"line":28,"column":4},"end":{"line":28,"column":45}},"10":{"start":{"line":29,"column":4},"end":{"line":29,"column":40}},"11":{"start":{"line":30,"column":4},"end":{"line":30,"column":40}},"12":{"start":{"line":33,"column":4},"end":{"line":38,"column":5}},"13":{"start":{"line":34,"column":6},"end":{"line":37,"column":20}},"14":{"start":{"line":35,"column":8},"end":{"line":35,"column":89}},"15":{"start":{"line":36,"column":8},"end":{"line":36,"column":88}},"16":{"start":{"line":41,"column":4},"end":{"line":41,"column":61}},"17":{"start":{"line":42,"column":4},"end":{"line":42,"column":48}},"18":{"start":{"line":44,"column":4},"end":{"line":50,"column":5}},"19":{"start":{"line":45,"column":6},"end":{"line":49,"column":7}},"20":{"start":{"line":46,"column":8},"end":{"line":46,"column":92}},"21":{"start":{"line":52,"column":18},"end":{"line":56,"column":5}},"22":{"start":{"line":57,"column":4},"end":{"line":57,"column":61}},"23":{"start":{"line":58,"column":4},"end":{"line":58,"column":67}},"24":{"start":{"line":61,"column":4},"end":{"line":61,"column":59}},"25":{"start":{"line":62,"column":28},"end":{"line":68,"column":5}},"26":{"start":{"line":69,"column":4},"end":{"line":69,"column":68}},"27":{"start":{"line":70,"column":4},"end":{"line":70,"column":59}},"28":{"start":{"line":75,"column":4},"end":{"line":75,"column":57}},"29":{"start":{"line":76,"column":18},"end":{"line":205,"column":5}},"30":{"start":{"line":207,"column":21},"end":{"line":207,"column":22}},"31":{"start":{"line":208,"column":18},"end":{"line":208,"column":19}},"32":{"start":{"line":210,"column":4},"end":{"line":221,"column":5}},"33":{"start":{"line":211,"column":6},"end":{"line":220,"column":7}},"34":{"start":{"line":212,"column":23},"end":{"line":214,"column":10}},"35":{"start":{"line":215,"column":8},"end":{"line":215,"column":71}},"36":{"start":{"line":216,"column":8},"end":{"line":216,"column":21}},"37":{"start":{"line":218,"column":8},"end":{"line":218,"column":65}},"38":{"start":{"line":219,"column":8},"end":{"line":219,"column":18}},"39":{"start":{"line":223,"column":4},"end":{"line":223,"column":44}},"40":{"start":{"line":224,"column":4},"end":{"line":224,"column":36}},"41":{"start":{"line":225,"column":4},"end":{"line":225,"column":62}},"42":{"start":{"line":226,"column":4},"end":{"line":226,"column":43}},"43":{"start":{"line":228,"column":4},"end":{"line":228,"column":47}},"44":{"start":{"line":230,"column":4},"end":{"line":233,"column":5}},"45":{"start":{"line":231,"column":6},"end":{"line":231,"column":33}},"46":{"start":{"line":232,"column":6},"end":{"line":232,"column":57}},"47":{"start":{"line":238,"column":0},"end":{"line":241,"column":3}},"48":{"start":{"line":239,"column":2},"end":{"line":239,"column":39}},"49":{"start":{"line":240,"column":2},"end":{"line":240,"column":18}}},"fnMap":{"0":{"name":"main","decl":{"start":{"line":4,"column":15},"end":{"line":4,"column":19}},"loc":{"start":{"line":4,"column":22},"end":{"line":235,"column":1}},"line":4},"1":{"name":"(anonymous_1)","decl":{"start":{"line":238,"column":13},"end":{"line":238,"column":14}},"loc":{"start":{"line":238,"column":20},"end":{"line":241,"column":1}},"line":238}},"branchMap":{"0":{"loc":{"start":{"line":33,"column":4},"end":{"line":38,"column":5}},"type":"if","locations":[{"start":{"line":33,"column":4},"end":{"line":38,"column":5}},{"start":{},"end":{}}],"line":33},"1":{"loc":{"start":{"line":44,"column":4},"end":{"line":50,"column":5}},"type":"if","locations":[{"start":{"line":44,"column":4},"end":{"line":50,"column":5}},{"start":{},"end":{}}],"line":44},"2":{"loc":{"start":{"line":230,"column":4},"end":{"line":233,"column":5}},"type":"if","locations":[{"start":{"line":230,"column":4},"end":{"line":233,"column":5}},{"start":{},"end":{}}],"line":230}},"s":{"0":0,"1":0,"2":0,"3":0,"4":0,"5":0,"6":0,"7":0,"8":0,"9":0,"10":0,"11":0,"12":0,"13":0,"14":0,"15":0,"16":0,"17":0,"18":0,"19":0,"20":0,"21":0,"22":0,"23":0,"24":0,"25":0,"26":0,"27":0,"28":0,"29":0,"30":0,"31":0,"32":0,"33":0,"34":0,"35":0,"36":0,"37":0,"38":0,"39":0,"40":0,"41":0,"42":0,"43":0,"44":0,"45":0,"46":0,"47":0,"48":0,"49":0},"f":{"0":0,"1":0},"b":{"0":[0,0],"1":[0,0],"2":[0,0]},"inputSourceMap":null}
,"C:\\Users\\tiamk\\OneDrive\\Mes cours\\Site_Restaurant\\server.js": {"path":"C:\\Users\\tiamk\\OneDrive\\Mes cours\\Site_Restaurant\\server.js","statementMap":{"0":{"start":{"line":20,"column":12},"end":{"line":20,"column":21}},"1":{"start":{"line":23,"column":0},"end":{"line":27,"column":4}},"2":{"start":{"line":25,"column":18},"end":{"line":25,"column":25}},"3":{"start":{"line":28,"column":0},"end":{"line":28,"column":37}},"4":{"start":{"line":29,"column":0},"end":{"line":29,"column":28}},"5":{"start":{"line":30,"column":20},"end":{"line":30,"column":40}},"6":{"start":{"line":33,"column":0},"end":{"line":33,"column":28}},"7":{"start":{"line":34,"column":0},"end":{"line":34,"column":23}},"8":{"start":{"line":35,"column":0},"end":{"line":35,"column":16}},"9":{"start":{"line":36,"column":0},"end":{"line":36,"column":16}},"10":{"start":{"line":37,"column":0},"end":{"line":37,"column":48}},"11":{"start":{"line":40,"column":0},"end":{"line":54,"column":2}},"12":{"start":{"line":57,"column":0},"end":{"line":57,"column":31}},"13":{"start":{"line":58,"column":0},"end":{"line":58,"column":28}},"14":{"start":{"line":61,"column":0},"end":{"line":61,"column":34}},"15":{"start":{"line":62,"column":0},"end":{"line":62,"column":22}},"16":{"start":{"line":65,"column":0},"end":{"line":65,"column":25}},"17":{"start":{"line":66,"column":0},"end":{"line":66,"column":22}},"18":{"start":{"line":69,"column":0},"end":{"line":69,"column":29}},"19":{"start":{"line":70,"column":0},"end":{"line":70,"column":66}},"20":{"start":{"line":71,"column":0},"end":{"line":71,"column":52}}},"fnMap":{"0":{"name":"(anonymous_0)","decl":{"start":{"line":25,"column":8},"end":{"line":25,"column":9}},"loc":{"start":{"line":25,"column":18},"end":{"line":25,"column":25}},"line":25}},"branchMap":{"0":{"loc":{"start":{"line":45,"column":10},"end":{"line":45,"column":50}},"type":"binary-expr","locations":[{"start":{"line":45,"column":10},"end":{"line":45,"column":34}},{"start":{"line":45,"column":38},"end":{"line":45,"column":50}}],"line":45}},"s":{"0":0,"1":0,"2":0,"3":0,"4":0,"5":0,"6":0,"7":0,"8":0,"9":0,"10":0,"11":0,"12":0,"13":0,"14":0,"15":0,"16":0,"17":0,"18":0,"19":0,"20":0},"f":{"0":0},"b":{"0":[0,0]},"inputSourceMap":null}
,"C:\\Users\\tiamk\\OneDrive\\Mes cours\\Site_Restaurant\\middlewares\\auth.js": {"path":"C:\\Users\\tiamk\\OneDrive\\Mes cours\\Site_Restaurant\\middlewares\\auth.js","statementMap":{"0":{"start":{"line":2,"column":17},"end":{"line":22,"column":1}},"1":{"start":{"line":3,"column":2},"end":{"line":21,"column":3}},"2":{"start":{"line":4,"column":4},"end":{"line":6,"column":5}},"3":{"start":{"line":5,"column":6},"end":{"line":5,"column":20}},"4":{"start":{"line":9,"column":4},"end":{"line":15,"column":5}},"5":{"start":{"line":10,"column":6},"end":{"line":14,"column":9}},"6":{"start":{"line":18,"column":4},"end":{"line":18,"column":27}},"7":{"start":{"line":20,"column":4},"end":{"line":20,"column":16}},"8":{"start":{"line":25,"column":25},"end":{"line":34,"column":1}},"9":{"start":{"line":26,"column":2},"end":{"line":33,"column":3}},"10":{"start":{"line":27,"column":4},"end":{"line":29,"column":5}},"11":{"start":{"line":28,"column":6},"end":{"line":28,"column":20}},"12":{"start":{"line":30,"column":4},"end":{"line":30,"column":27}},"13":{"start":{"line":32,"column":4},"end":{"line":32,"column":16}},"14":{"start":{"line":37,"column":22},"end":{"line":49,"column":1}},"15":{"start":{"line":38,"column":2},"end":{"line":48,"column":3}},"16":{"start":{"line":39,"column":4},"end":{"line":44,"column":5}},"17":{"start":{"line":40,"column":6},"end":{"line":42,"column":7}},"18":{"start":{"line":41,"column":8},"end":{"line":41,"column":22}},"19":{"start":{"line":43,"column":6},"end":{"line":43,"column":80}},"20":{"start":{"line":45,"column":4},"end":{"line":45,"column":52}},"21":{"start":{"line":47,"column":4},"end":{"line":47,"column":16}},"22":{"start":{"line":52,"column":30},"end":{"line":64,"column":1}},"23":{"start":{"line":53,"column":2},"end":{"line":63,"column":3}},"24":{"start":{"line":54,"column":4},"end":{"line":59,"column":5}},"25":{"start":{"line":55,"column":6},"end":{"line":57,"column":7}},"26":{"start":{"line":56,"column":8},"end":{"line":56,"column":22}},"27":{"start":{"line":58,"column":6},"end":{"line":58,"column":36}},"28":{"start":{"line":60,"column":4},"end":{"line":60,"column":27}},"29":{"start":{"line":62,"column":4},"end":{"line":62,"column":16}}},"fnMap":{"0":{"name":"(anonymous_0)","decl":{"start":{"line":2,"column":17},"end":{"line":2,"column":18}},"loc":{"start":{"line":2,"column":37},"end":{"line":22,"column":1}},"line":2},"1":{"name":"(anonymous_1)","decl":{"start":{"line":25,"column":25},"end":{"line":25,"column":26}},"loc":{"start":{"line":25,"column":45},"end":{"line":34,"column":1}},"line":25},"2":{"name":"(anonymous_2)","decl":{"start":{"line":37,"column":22},"end":{"line":37,"column":23}},"loc":{"start":{"line":37,"column":42},"end":{"line":49,"column":1}},"line":37},"3":{"name":"(anonymous_3)","decl":{"start":{"line":52,"column":30},"end":{"line":52,"column":31}},"loc":{"start":{"line":52,"column":50},"end":{"line":64,"column":1}},"line":52}},"branchMap":{"0":{"loc":{"start":{"line":4,"column":4},"end":{"line":6,"column":5}},"type":"if","locations":[{"start":{"line":4,"column":4},"end":{"line":6,"column":5}},{"start":{},"end":{}}],"line":4},"1":{"loc":{"start":{"line":9,"column":4},"end":{"line":15,"column":5}},"type":"if","locations":[{"start":{"line":9,"column":4},"end":{"line":15,"column":5}},{"start":{},"end":{}}],"line":9},"2":{"loc":{"start":{"line":9,"column":8},"end":{"line":9,"column":55}},"type":"binary-expr","locations":[{"start":{"line":9,"column":8},"end":{"line":9,"column":15}},{"start":{"line":9,"column":19},"end":{"line":9,"column":55}}],"line":9},"3":{"loc":{"start":{"line":27,"column":4},"end":{"line":29,"column":5}},"type":"if","locations":[{"start":{"line":27,"column":4},"end":{"line":29,"column":5}},{"start":{},"end":{}}],"line":27},"4":{"loc":{"start":{"line":39,"column":4},"end":{"line":44,"column":5}},"type":"if","locations":[{"start":{"line":39,"column":4},"end":{"line":44,"column":5}},{"start":{},"end":{}}],"line":39},"5":{"loc":{"start":{"line":40,"column":6},"end":{"line":42,"column":7}},"type":"if","locations":[{"start":{"line":40,"column":6},"end":{"line":42,"column":7}},{"start":{},"end":{}}],"line":40},"6":{"loc":{"start":{"line":54,"column":4},"end":{"line":59,"column":5}},"type":"if","locations":[{"start":{"line":54,"column":4},"end":{"line":59,"column":5}},{"start":{},"end":{}}],"line":54},"7":{"loc":{"start":{"line":55,"column":6},"end":{"line":57,"column":7}},"type":"if","locations":[{"start":{"line":55,"column":6},"end":{"line":57,"column":7}},{"start":{},"end":{}}],"line":55}},"s":{"0":0,"1":0,"2":0,"3":0,"4":0,"5":0,"6":0,"7":0,"8":0,"9":0,"10":0,"11":0,"12":0,"13":0,"14":0,"15":0,"16":0,"17":0,"18":0,"19":0,"20":0,"21":0,"22":0,"23":0,"24":0,"25":0,"26":0,"27":0,"28":0,"29":0},"f":{"0":0,"1":0,"2":0,"3":0},"b":{"0":[0,0],"1":[0,0],"2":[0,0],"3":[0,0],"4":[0,0],"5":[0,0],"6":[0,0],"7":[0,0]},"inputSourceMap":null}
,"C:\\Users\\tiamk\\OneDrive\\Mes cours\\Site_Restaurant\\middlewares\\errorHandler.js": {"path":"C:\\Users\\tiamk\\OneDrive\\Mes cours\\Site_Restaurant\\middlewares\\errorHandler.js","statementMap":{"0":{"start":{"line":4,"column":24},"end":{"line":44,"column":1}},"1":{"start":{"line":5,"column":21},"end":{"line":5,"column":24}},"2":{"start":{"line":8,"column":2},"end":{"line":14,"column":3}},"3":{"start":{"line":9,"column":4},"end":{"line":13,"column":7}},"4":{"start":{"line":17,"column":2},"end":{"line":43,"column":5}},"5":{"start":{"line":50,"column":21},"end":{"line":113,"column":1}},"6":{"start":{"line":52,"column":2},"end":{"line":58,"column":5}},"7":{"start":{"line":61,"column":21},"end":{"line":61,"column":56}},"8":{"start":{"line":64,"column":2},"end":{"line":76,"column":3}},"9":{"start":{"line":66,"column":4},"end":{"line":75,"column":7}},"10":{"start":{"line":79,"column":2},"end":{"line":112,"column":5}}},"fnMap":{"0":{"name":"(anonymous_0)","decl":{"start":{"line":4,"column":24},"end":{"line":4,"column":25}},"loc":{"start":{"line":4,"column":38},"end":{"line":44,"column":1}},"line":4},"1":{"name":"(anonymous_1)","decl":{"start":{"line":50,"column":21},"end":{"line":50,"column":22}},"loc":{"start":{"line":50,"column":46},"end":{"line":113,"column":1}},"line":50}},"branchMap":{"0":{"loc":{"start":{"line":8,"column":2},"end":{"line":14,"column":3}},"type":"if","locations":[{"start":{"line":8,"column":2},"end":{"line":14,"column":3}},{"start":{},"end":{}}],"line":8},"1":{"loc":{"start":{"line":8,"column":6},"end":{"line":8,"column":53}},"type":"binary-expr","locations":[{"start":{"line":8,"column":6},"end":{"line":8,"column":13}},{"start":{"line":8,"column":17},"end":{"line":8,"column":53}}],"line":8},"2":{"loc":{"start":{"line":54,"column":11},"end":{"line":54,"column":73}},"type":"cond-expr","locations":[{"start":{"line":54,"column":52},"end":{"line":54,"column":61}},{"start":{"line":54,"column":64},"end":{"line":54,"column":73}}],"line":54},"3":{"loc":{"start":{"line":61,"column":21},"end":{"line":61,"column":56}},"type":"binary-expr","locations":[{"start":{"line":61,"column":21},"end":{"line":61,"column":31}},{"start":{"line":61,"column":35},"end":{"line":61,"column":49}},{"start":{"line":61,"column":53},"end":{"line":61,"column":56}}],"line":61},"4":{"loc":{"start":{"line":64,"column":2},"end":{"line":76,"column":3}},"type":"if","locations":[{"start":{"line":64,"column":2},"end":{"line":76,"column":3}},{"start":{},"end":{}}],"line":64},"5":{"loc":{"start":{"line":64,"column":6},"end":{"line":64,"column":53}},"type":"binary-expr","locations":[{"start":{"line":64,"column":6},"end":{"line":64,"column":13}},{"start":{"line":64,"column":17},"end":{"line":64,"column":53}}],"line":64},"6":{"loc":{"start":{"line":68,"column":15},"end":{"line":70,"column":21}},"type":"cond-expr","locations":[{"start":{"line":69,"column":10},"end":{"line":69,"column":35}},{"start":{"line":70,"column":10},"end":{"line":70,"column":21}}],"line":68},"7":{"loc":{"start":{"line":71,"column":10},"end":{"line":74,"column":7}},"type":"binary-expr","locations":[{"start":{"line":71,"column":10},"end":{"line":71,"column":48}},{"start":{"line":71,"column":52},"end":{"line":74,"column":7}}],"line":71},"8":{"loc":{"start":{"line":73,"column":17},"end":{"line":73,"column":41}},"type":"binary-expr","locations":[{"start":{"line":73,"column":17},"end":{"line":73,"column":28}},{"start":{"line":73,"column":32},"end":{"line":73,"column":41}}],"line":73},"9":{"loc":{"start":{"line":101,"column":13},"end":{"line":101,"column":123}},"type":"cond-expr","locations":[{"start":{"line":101,"column":53},"end":{"line":101,"column":109}},{"start":{"line":101,"column":112},"end":{"line":101,"column":123}}],"line":101},"10":{"loc":{"start":{"line":102,"column":10},"end":{"line":107,"column":14}},"type":"cond-expr","locations":[{"start":{"line":102,"column":51},"end":{"line":107,"column":9}},{"start":{"line":107,"column":12},"end":{"line":107,"column":14}}],"line":102},"11":{"loc":{"start":{"line":105,"column":14},"end":{"line":105,"column":86}},"type":"cond-expr","locations":[{"start":{"line":105,"column":26},"end":{"line":105,"column":58}},{"start":{"line":105,"column":61},"end":{"line":105,"column":86}}],"line":105}},"s":{"0":0,"1":0,"2":0,"3":0,"4":0,"5":0,"6":0,"7":0,"8":0,"9":0,"10":0},"f":{"0":0,"1":0},"b":{"0":[0,0],"1":[0,0],"2":[0,0],"3":[0,0,0],"4":[0,0],"5":[0,0],"6":[0,0],"7":[0,0],"8":[0,0],"9":[0,0],"10":[0,0],"11":[0,0]},"inputSourceMap":null}
,"C:\\Users\\tiamk\\OneDrive\\Mes cours\\Site_Restaurant\\middlewares\\rateLimiter.js": {"path":"C:\\Users\\tiamk\\OneDrive\\Mes cours\\Site_Restaurant\\middlewares\\rateLimiter.js","statementMap":{"0":{"start":{"line":13,"column":20},"end":{"line":24,"column":1}},"1":{"start":{"line":30,"column":19},"end":{"line":39,"column":1}},"2":{"start":{"line":44,"column":22},"end":{"line":53,"column":1}}},"fnMap":{},"branchMap":{},"s":{"0":0,"1":0,"2":0},"f":{},"b":{},"inputSourceMap":null}
,"C:\\Users\\tiamk\\OneDrive\\Mes cours\\Site_Restaurant\\middlewares\\validation.js": {"path":"C:\\Users\\tiamk\\OneDrive\\Mes cours\\Site_Restaurant\\middlewares\\validation.js","statementMap":{"0":{"start":{"line":12,"column":27},"end":{"line":40,"column":1}},"1":{"start":{"line":13,"column":66},"end":{"line":13,"column":74}},"2":{"start":{"line":15,"column":2},"end":{"line":19,"column":3}},"3":{"start":{"line":16,"column":4},"end":{"line":18,"column":66}},"4":{"start":{"line":21,"column":2},"end":{"line":25,"column":3}},"5":{"start":{"line":22,"column":4},"end":{"line":24,"column":7}},"6":{"start":{"line":27,"column":2},"end":{"line":31,"column":3}},"7":{"start":{"line":28,"column":4},"end":{"line":30,"column":65}},"8":{"start":{"line":33,"column":2},"end":{"line":37,"column":3}},"9":{"start":{"line":34,"column":4},"end":{"line":36,"column":61}},"10":{"start":{"line":39,"column":2},"end":{"line":39,"column":9}},"11":{"start":{"line":43,"column":23},"end":{"line":61,"column":1}},"12":{"start":{"line":44,"column":35},"end":{"line":44,"column":43}},"13":{"start":{"line":46,"column":2},"end":{"line":51,"column":3}},"14":{"start":{"line":47,"column":4},"end":{"line":50,"column":7}},"15":{"start":{"line":53,"column":2},"end":{"line":58,"column":3}},"16":{"start":{"line":54,"column":4},"end":{"line":57,"column":7}},"17":{"start":{"line":60,"column":2},"end":{"line":60,"column":9}},"18":{"start":{"line":64,"column":22},"end":{"line":86,"column":1}},"19":{"start":{"line":65,"column":13},"end":{"line":65,"column":26}},"20":{"start":{"line":66,"column":23},"end":{"line":66,"column":31}},"21":{"start":{"line":67,"column":2},"end":{"line":72,"column":3}},"22":{"start":{"line":68,"column":4},"end":{"line":71,"column":7}},"23":{"start":{"line":73,"column":2},"end":{"line":77,"column":3}},"24":{"start":{"line":74,"column":4},"end":{"line":76,"column":7}},"25":{"start":{"line":78,"column":2},"end":{"line":83,"column":3}},"26":{"start":{"line":79,"column":4},"end":{"line":82,"column":7}},"27":{"start":{"line":85,"column":2},"end":{"line":85,"column":9}},"28":{"start":{"line":89,"column":18},"end":{"line":103,"column":1}},"29":{"start":{"line":90,"column":13},"end":{"line":90,"column":26}},"30":{"start":{"line":91,"column":2},"end":{"line":95,"column":3}},"31":{"start":{"line":92,"column":4},"end":{"line":94,"column":7}},"32":{"start":{"line":96,"column":2},"end":{"line":101,"column":3}},"33":{"start":{"line":97,"column":4},"end":{"line":100,"column":7}},"34":{"start":{"line":102,"column":2},"end":{"line":102,"column":9}},"35":{"start":{"line":106,"column":32},"end":{"line":129,"column":1}},"36":{"start":{"line":107,"column":71},"end":{"line":107,"column":79}},"37":{"start":{"line":108,"column":2},"end":{"line":110,"column":3}},"38":{"start":{"line":109,"column":4},"end":{"line":109,"column":77}},"39":{"start":{"line":111,"column":2},"end":{"line":113,"column":3}},"40":{"start":{"line":112,"column":4},"end":{"line":112,"column":69}},"41":{"start":{"line":114,"column":2},"end":{"line":116,"column":3}},"42":{"start":{"line":115,"column":4},"end":{"line":115,"column":72}},"43":{"start":{"line":117,"column":2},"end":{"line":119,"column":3}},"44":{"start":{"line":118,"column":4},"end":{"line":118,"column":78}},"45":{"start":{"line":120,"column":2},"end":{"line":124,"column":3}},"46":{"start":{"line":121,"column":4},"end":{"line":123,"column":61}},"47":{"start":{"line":125,"column":2},"end":{"line":127,"column":3}},"48":{"start":{"line":126,"column":4},"end":{"line":126,"column":89}},"49":{"start":{"line":128,"column":2},"end":{"line":128,"column":9}},"50":{"start":{"line":132,"column":21},"end":{"line":145,"column":1}},"51":{"start":{"line":133,"column":37},"end":{"line":133,"column":45}},"52":{"start":{"line":134,"column":2},"end":{"line":138,"column":3}},"53":{"start":{"line":135,"column":4},"end":{"line":137,"column":68}},"54":{"start":{"line":139,"column":2},"end":{"line":143,"column":3}},"55":{"start":{"line":140,"column":4},"end":{"line":142,"column":61}},"56":{"start":{"line":144,"column":2},"end":{"line":144,"column":9}}},"fnMap":{"0":{"name":"(anonymous_0)","decl":{"start":{"line":12,"column":27},"end":{"line":12,"column":28}},"loc":{"start":{"line":12,"column":47},"end":{"line":40,"column":1}},"line":12},"1":{"name":"(anonymous_1)","decl":{"start":{"line":43,"column":23},"end":{"line":43,"column":24}},"loc":{"start":{"line":43,"column":43},"end":{"line":61,"column":1}},"line":43},"2":{"name":"(anonymous_2)","decl":{"start":{"line":64,"column":22},"end":{"line":64,"column":23}},"loc":{"start":{"line":64,"column":42},"end":{"line":86,"column":1}},"line":64},"3":{"name":"(anonymous_3)","decl":{"start":{"line":89,"column":18},"end":{"line":89,"column":19}},"loc":{"start":{"line":89,"column":38},"end":{"line":103,"column":1}},"line":89},"4":{"name":"(anonymous_4)","decl":{"start":{"line":106,"column":32},"end":{"line":106,"column":33}},"loc":{"start":{"line":106,"column":52},"end":{"line":129,"column":1}},"line":106},"5":{"name":"(anonymous_5)","decl":{"start":{"line":132,"column":21},"end":{"line":132,"column":22}},"loc":{"start":{"line":132,"column":41},"end":{"line":145,"column":1}},"line":132}},"branchMap":{"0":{"loc":{"start":{"line":15,"column":2},"end":{"line":19,"column":3}},"type":"if","locations":[{"start":{"line":15,"column":2},"end":{"line":19,"column":3}},{"start":{},"end":{}}],"line":15},"1":{"loc":{"start":{"line":21,"column":2},"end":{"line":25,"column":3}},"type":"if","locations":[{"start":{"line":21,"column":2},"end":{"line":25,"column":3}},{"start":{},"end":{}}],"line":21},"2":{"loc":{"start":{"line":27,"column":2},"end":{"line":31,"column":3}},"type":"if","locations":[{"start":{"line":27,"column":2},"end":{"line":31,"column":3}},{"start":{},"end":{}}],"line":27},"3":{"loc":{"start":{"line":33,"column":2},"end":{"line":37,"column":3}},"type":"if","locations":[{"start":{"line":33,"column":2},"end":{"line":37,"column":3}},{"start":{},"end":{}}],"line":33},"4":{"loc":{"start":{"line":46,"column":2},"end":{"line":51,"column":3}},"type":"if","locations":[{"start":{"line":46,"column":2},"end":{"line":51,"column":3}},{"start":{},"end":{}}],"line":46},"5":{"loc":{"start":{"line":46,"column":6},"end":{"line":46,"column":56}},"type":"binary-expr","locations":[{"start":{"line":46,"column":6},"end":{"line":46,"column":30}},{"start":{"line":46,"column":34},"end":{"line":46,"column":56}}],"line":46},"6":{"loc":{"start":{"line":53,"column":2},"end":{"line":58,"column":3}},"type":"if","locations":[{"start":{"line":53,"column":2},"end":{"line":58,"column":3}},{"start":{},"end":{}}],"line":53},"7":{"loc":{"start":{"line":67,"column":2},"end":{"line":72,"column":3}},"type":"if","locations":[{"start":{"line":67,"column":2},"end":{"line":72,"column":3}},{"start":{},"end":{}}],"line":67},"8":{"loc":{"start":{"line":73,"column":2},"end":{"line":77,"column":3}},"type":"if","locations":[{"start":{"line":73,"column":2},"end":{"line":77,"column":3}},{"start":{},"end":{}}],"line":73},"9":{"loc":{"start":{"line":78,"column":2},"end":{"line":83,"column":3}},"type":"if","locations":[{"start":{"line":78,"column":2},"end":{"line":83,"column":3}},{"start":{},"end":{}}],"line":78},"10":{"loc":{"start":{"line":91,"column":2},"end":{"line":95,"column":3}},"type":"if","locations":[{"start":{"line":91,"column":2},"end":{"line":95,"column":3}},{"start":{},"end":{}}],"line":91},"11":{"loc":{"start":{"line":96,"column":2},"end":{"line":101,"column":3}},"type":"if","locations":[{"start":{"line":96,"column":2},"end":{"line":101,"column":3}},{"start":{},"end":{}}],"line":96},"12":{"loc":{"start":{"line":108,"column":2},"end":{"line":110,"column":3}},"type":"if","locations":[{"start":{"line":108,"column":2},"end":{"line":110,"column":3}},{"start":{},"end":{}}],"line":108},"13":{"loc":{"start":{"line":108,"column":6},"end":{"line":108,"column":75}},"type":"binary-expr","locations":[{"start":{"line":108,"column":6},"end":{"line":108,"column":10}},{"start":{"line":108,"column":14},"end":{"line":108,"column":21}},{"start":{"line":108,"column":25},"end":{"line":108,"column":45}},{"start":{"line":108,"column":49},"end":{"line":108,"column":58}},{"start":{"line":108,"column":62},"end":{"line":108,"column":75}}],"line":108},"14":{"loc":{"start":{"line":111,"column":2},"end":{"line":113,"column":3}},"type":"if","locations":[{"start":{"line":111,"column":2},"end":{"line":113,"column":3}},{"start":{},"end":{}}],"line":111},"15":{"loc":{"start":{"line":114,"column":2},"end":{"line":116,"column":3}},"type":"if","locations":[{"start":{"line":114,"column":2},"end":{"line":116,"column":3}},{"start":{},"end":{}}],"line":114},"16":{"loc":{"start":{"line":117,"column":2},"end":{"line":119,"column":3}},"type":"if","locations":[{"start":{"line":117,"column":2},"end":{"line":119,"column":3}},{"start":{},"end":{}}],"line":117},"17":{"loc":{"start":{"line":120,"column":2},"end":{"line":124,"column":3}},"type":"if","locations":[{"start":{"line":120,"column":2},"end":{"line":124,"column":3}},{"start":{},"end":{}}],"line":120},"18":{"loc":{"start":{"line":125,"column":2},"end":{"line":127,"column":3}},"type":"if","locations":[{"start":{"line":125,"column":2},"end":{"line":127,"column":3}},{"start":{},"end":{}}],"line":125},"19":{"loc":{"start":{"line":134,"column":2},"end":{"line":138,"column":3}},"type":"if","locations":[{"start":{"line":134,"column":2},"end":{"line":138,"column":3}},{"start":{},"end":{}}],"line":134},"20":{"loc":{"start":{"line":134,"column":6},"end":{"line":134,"column":32}},"type":"binary-expr","locations":[{"start":{"line":134,"column":6},"end":{"line":134,"column":15}},{"start":{"line":134,"column":19},"end":{"line":134,"column":32}}],"line":134},"21":{"loc":{"start":{"line":139,"column":2},"end":{"line":143,"column":3}},"type":"if","locations":[{"start":{"line":139,"column":2},"end":{"line":143,"column":3}},{"start":{},"end":{}}],"line":139}},"s":{"0":0,"1":0,"2":0,"3":0,"4":0,"5":0,"6":0,"7":0,"8":0,"9":0,"10":0,"11":0,"12":0,"13":0,"14":0,"15":0,"16":0,"17":0,"18":0,"19":0,"20":0,"21":0,"22":0,"23":0,"24":0,"25":0,"26":0,"27":0,"28":0,"29":0,"30":0,"31":0,"32":0,"33":0,"34":0,"35":0,"36":0,"37":0,"38":0,"39":0,"40":0,"41":0,"42":0,"43":0,"44":0,"45":0,"46":0,"47":0,"48":0,"49":0,"50":0,"51":0,"52":0,"53":0,"54":0,"55":0,"56":0},"f":{"0":0,"1":0,"2":0,"3":0,"4":0,"5":0},"b":{"0":[0,0],"1":[0,0],"2":[0,0],"3":[0,0],"4":[0,0],"5":[0,0],"6":[0,0],"7":[0,0],"8":[0,0],"9":[0,0],"10":[0,0],"11":[0,0],"12":[0,0],"13":[0,0,0,0,0],"14":[0,0],"15":[0,0],"16":[0,0],"17":[0,0],"18":[0,0],"19":[0,0],"20":[0,0],"21":[0,0]},"inputSourceMap":null}
,"C:\\Users\\tiamk\\OneDrive\\Mes cours\\Site_Restaurant\\model\\restaurant.js": {"path":"C:\\Users\\tiamk\\OneDrive\\Mes cours\\Site_Restaurant\\model\\restaurant.js","statementMap":{"0":{"start":{"line":4,"column":15},"end":{"line":4,"column":33}},"1":{"start":{"line":7,"column":23},"end":{"line":9,"column":1}},"2":{"start":{"line":8,"column":2},"end":{"line":8,"column":41}},"3":{"start":{"line":12,"column":25},"end":{"line":17,"column":1}},"4":{"start":{"line":13,"column":2},"end":{"line":15,"column":3}},"5":{"start":{"line":14,"column":4},"end":{"line":14,"column":28}},"6":{"start":{"line":16,"column":2},"end":{"line":16,"column":28}},"7":{"start":{"line":20,"column":20},"end":{"line":59,"column":1}},"8":{"start":{"line":22,"column":2},"end":{"line":24,"column":3}},"9":{"start":{"line":23,"column":4},"end":{"line":23,"column":28}},"10":{"start":{"line":26,"column":20},"end":{"line":26,"column":39}},"11":{"start":{"line":27,"column":19},"end":{"line":27,"column":44}},"12":{"start":{"line":29,"column":2},"end":{"line":31,"column":3}},"13":{"start":{"line":30,"column":4},"end":{"line":30,"column":56}},"14":{"start":{"line":33,"column":18},"end":{"line":35,"column":4}},"15":{"start":{"line":37,"column":2},"end":{"line":39,"column":3}},"16":{"start":{"line":38,"column":4},"end":{"line":38,"column":42}},"17":{"start":{"line":42,"column":15},"end":{"line":42,"column":73}},"18":{"start":{"line":42,"column":46},"end":{"line":42,"column":72}},"19":{"start":{"line":44,"column":2},"end":{"line":58,"column":3}},"20":{"start":{"line":45,"column":4},"end":{"line":45,"column":30}},"21":{"start":{"line":46,"column":4},"end":{"line":46,"column":16}},"22":{"start":{"line":48,"column":26},"end":{"line":55,"column":5}},"23":{"start":{"line":56,"column":4},"end":{"line":56,"column":43}},"24":{"start":{"line":57,"column":4},"end":{"line":57,"column":25}},"25":{"start":{"line":62,"column":23},"end":{"line":79,"column":1}},"26":{"start":{"line":63,"column":2},"end":{"line":65,"column":3}},"27":{"start":{"line":64,"column":4},"end":{"line":64,"column":28}},"28":{"start":{"line":67,"column":13},"end":{"line":67,"column":32}},"29":{"start":{"line":69,"column":2},"end":{"line":71,"column":3}},"30":{"start":{"line":70,"column":4},"end":{"line":70,"column":60}},"31":{"start":{"line":73,"column":20},"end":{"line":73,"column":76}},"32":{"start":{"line":73,"column":56},"end":{"line":73,"column":75}},"33":{"start":{"line":74,"column":2},"end":{"line":76,"column":3}},"34":{"start":{"line":75,"column":4},"end":{"line":75,"column":72}},"35":{"start":{"line":77,"column":25},"end":{"line":77,"column":64}},"36":{"start":{"line":78,"column":2},"end":{"line":78,"column":27}},"37":{"start":{"line":82,"column":20},"end":{"line":92,"column":1}},"38":{"start":{"line":83,"column":2},"end":{"line":85,"column":3}},"39":{"start":{"line":84,"column":4},"end":{"line":84,"column":28}},"40":{"start":{"line":87,"column":2},"end":{"line":89,"column":3}},"41":{"start":{"line":88,"column":4},"end":{"line":88,"column":38}},"42":{"start":{"line":90,"column":2},"end":{"line":90,"column":32}},"43":{"start":{"line":91,"column":2},"end":{"line":91,"column":36}},"44":{"start":{"line":95,"column":23},"end":{"line":165,"column":1}},"45":{"start":{"line":103,"column":2},"end":{"line":105,"column":3}},"46":{"start":{"line":104,"column":4},"end":{"line":104,"column":52}},"47":{"start":{"line":107,"column":2},"end":{"line":109,"column":3}},"48":{"start":{"line":108,"column":4},"end":{"line":108,"column":28}},"49":{"start":{"line":111,"column":2},"end":{"line":115,"column":3}},"50":{"start":{"line":112,"column":4},"end":{"line":114,"column":6}},"51":{"start":{"line":117,"column":2},"end":{"line":119,"column":3}},"52":{"start":{"line":118,"column":4},"end":{"line":118,"column":69}},"53":{"start":{"line":121,"column":26},"end":{"line":128,"column":16}},"54":{"start":{"line":130,"column":2},"end":{"line":164,"column":3}},"55":{"start":{"line":131,"column":29},"end":{"line":155,"column":6}},"56":{"start":{"line":133,"column":27},"end":{"line":133,"column":37}},"57":{"start":{"line":134,"column":26},"end":{"line":134,"column":46}},"58":{"start":{"line":135,"column":23},"end":{"line":143,"column":8}},"59":{"start":{"line":145,"column":27},"end":{"line":149,"column":9}},"60":{"start":{"line":145,"column":61},"end":{"line":149,"column":7}},"61":{"start":{"line":151,"column":6},"end":{"line":153,"column":9}},"62":{"start":{"line":154,"column":6},"end":{"line":154,"column":22}},"63":{"start":{"line":158,"column":4},"end":{"line":158,"column":34}},"64":{"start":{"line":160,"column":4},"end":{"line":160,"column":28}},"65":{"start":{"line":162,"column":4},"end":{"line":162,"column":79}},"66":{"start":{"line":163,"column":4},"end":{"line":163,"column":60}},"67":{"start":{"line":168,"column":20},"end":{"line":200,"column":1}},"68":{"start":{"line":169,"column":2},"end":{"line":199,"column":3}},"69":{"start":{"line":170,"column":22},"end":{"line":183,"column":6}},"70":{"start":{"line":185,"column":4},"end":{"line":195,"column":7}},"71":{"start":{"line":186,"column":20},"end":{"line":188,"column":11}},"72":{"start":{"line":187,"column":8},"end":{"line":187,"column":55}},"73":{"start":{"line":190,"column":6},"end":{"line":194,"column":8}},"74":{"start":{"line":197,"column":4},"end":{"line":197,"column":77}},"75":{"start":{"line":198,"column":4},"end":{"line":198,"column":69}},"76":{"start":{"line":203,"column":23},"end":{"line":228,"column":1}},"77":{"start":{"line":204,"column":13},"end":{"line":204,"column":33}},"78":{"start":{"line":205,"column":15},"end":{"line":205,"column":32}},"79":{"start":{"line":207,"column":2},"end":{"line":209,"column":3}},"80":{"start":{"line":208,"column":4},"end":{"line":208,"column":58}},"81":{"start":{"line":211,"column":2},"end":{"line":227,"column":3}},"82":{"start":{"line":212,"column":21},"end":{"line":217,"column":6}},"83":{"start":{"line":219,"column":4},"end":{"line":219,"column":20}},"84":{"start":{"line":221,"column":4},"end":{"line":221,"column":72}},"85":{"start":{"line":223,"column":4},"end":{"line":225,"column":5}},"86":{"start":{"line":224,"column":6},"end":{"line":224,"column":47}},"87":{"start":{"line":226,"column":4},"end":{"line":226,"column":64}},"88":{"start":{"line":230,"column":29},"end":{"line":256,"column":1}},"89":{"start":{"line":231,"column":2},"end":{"line":233,"column":3}},"90":{"start":{"line":232,"column":4},"end":{"line":232,"column":28}},"91":{"start":{"line":235,"column":13},"end":{"line":235,"column":32}},"92":{"start":{"line":236,"column":19},"end":{"line":236,"column":45}},"93":{"start":{"line":238,"column":2},"end":{"line":240,"column":3}},"94":{"start":{"line":239,"column":4},"end":{"line":239,"column":56}},"95":{"start":{"line":242,"column":20},"end":{"line":242,"column":76}},"96":{"start":{"line":242,"column":56},"end":{"line":242,"column":75}},"97":{"start":{"line":244,"column":2},"end":{"line":246,"column":3}},"98":{"start":{"line":245,"column":4},"end":{"line":245,"column":59}},"99":{"start":{"line":248,"column":2},"end":{"line":251,"column":3}},"100":{"start":{"line":249,"column":30},"end":{"line":249,"column":69}},"101":{"start":{"line":250,"column":4},"end":{"line":250,"column":27}},"102":{"start":{"line":253,"column":2},"end":{"line":253,"column":52}},"103":{"start":{"line":255,"column":2},"end":{"line":255,"column":39}},"104":{"start":{"line":258,"column":22},"end":{"line":268,"column":1}},"105":{"start":{"line":259,"column":2},"end":{"line":261,"column":3}},"106":{"start":{"line":260,"column":4},"end":{"line":260,"column":28}},"107":{"start":{"line":263,"column":21},"end":{"line":265,"column":7}},"108":{"start":{"line":264,"column":4},"end":{"line":264,"column":31}},"109":{"start":{"line":267,"column":2},"end":{"line":267,"column":20}},"110":{"start":{"line":270,"column":29},"end":{"line":286,"column":1}},"111":{"start":{"line":271,"column":20},"end":{"line":274,"column":7}},"112":{"start":{"line":272,"column":22},"end":{"line":272,"column":47}},"113":{"start":{"line":273,"column":4},"end":{"line":273,"column":29}},"114":{"start":{"line":276,"column":20},"end":{"line":276,"column":46}},"115":{"start":{"line":277,"column":15},"end":{"line":277,"column":31}},"116":{"start":{"line":278,"column":21},"end":{"line":278,"column":49}},"117":{"start":{"line":280,"column":2},"end":{"line":285,"column":4}},"118":{"start":{"line":288,"column":20},"end":{"line":290,"column":1}},"119":{"start":{"line":289,"column":2},"end":{"line":289,"column":49}},"120":{"start":{"line":292,"column":16},"end":{"line":314,"column":1}},"121":{"start":{"line":293,"column":2},"end":{"line":295,"column":3}},"122":{"start":{"line":294,"column":4},"end":{"line":294,"column":57}},"123":{"start":{"line":296,"column":25},"end":{"line":296,"column":60}},"124":{"start":{"line":297,"column":2},"end":{"line":313,"column":3}},"125":{"start":{"line":298,"column":20},"end":{"line":306,"column":6}},"126":{"start":{"line":307,"column":4},"end":{"line":307,"column":19}},"127":{"start":{"line":309,"column":4},"end":{"line":311,"column":5}},"128":{"start":{"line":310,"column":6},"end":{"line":310,"column":53}},"129":{"start":{"line":312,"column":4},"end":{"line":312,"column":68}},"130":{"start":{"line":316,"column":22},"end":{"line":330,"column":1}},"131":{"start":{"line":317,"column":2},"end":{"line":319,"column":3}},"132":{"start":{"line":318,"column":4},"end":{"line":318,"column":16}},"133":{"start":{"line":320,"column":2},"end":{"line":329,"column":3}},"134":{"start":{"line":321,"column":17},"end":{"line":325,"column":6}},"135":{"start":{"line":326,"column":4},"end":{"line":326,"column":16}},"136":{"start":{"line":328,"column":4},"end":{"line":328,"column":71}},"137":{"start":{"line":332,"column":20},"end":{"line":344,"column":1}},"138":{"start":{"line":333,"column":2},"end":{"line":335,"column":3}},"139":{"start":{"line":334,"column":4},"end":{"line":334,"column":16}},"140":{"start":{"line":336,"column":2},"end":{"line":343,"column":3}},"141":{"start":{"line":337,"column":17},"end":{"line":339,"column":6}},"142":{"start":{"line":340,"column":4},"end":{"line":340,"column":16}},"143":{"start":{"line":342,"column":4},"end":{"line":342,"column":71}}},"fnMap":{"0":{"name":"(anonymous_0)","decl":{"start":{"line":7,"column":23},"end":{"line":7,"column":24}},"loc":{"start":{"line":7,"column":35},"end":{"line":9,"column":1}},"line":7},"1":{"name":"(anonymous_1)","decl":{"start":{"line":12,"column":25},"end":{"line":12,"column":26}},"loc":{"start":{"line":12,"column":40},"end":{"line":17,"column":1}},"line":12},"2":{"name":"(anonymous_2)","decl":{"start":{"line":20,"column":20},"end":{"line":20,"column":21}},"loc":{"start":{"line":20,"column":63},"end":{"line":59,"column":1}},"line":20},"3":{"name":"(anonymous_3)","decl":{"start":{"line":42,"column":39},"end":{"line":42,"column":40}},"loc":{"start":{"line":42,"column":46},"end":{"line":42,"column":72}},"line":42},"4":{"name":"(anonymous_4)","decl":{"start":{"line":62,"column":23},"end":{"line":62,"column":24}},"loc":{"start":{"line":62,"column":49},"end":{"line":79,"column":1}},"line":62},"5":{"name":"(anonymous_5)","decl":{"start":{"line":73,"column":49},"end":{"line":73,"column":50}},"loc":{"start":{"line":73,"column":56},"end":{"line":73,"column":75}},"line":73},"6":{"name":"(anonymous_6)","decl":{"start":{"line":82,"column":20},"end":{"line":82,"column":21}},"loc":{"start":{"line":82,"column":35},"end":{"line":92,"column":1}},"line":82},"7":{"name":"(anonymous_7)","decl":{"start":{"line":95,"column":23},"end":{"line":95,"column":24}},"loc":{"start":{"line":101,"column":5},"end":{"line":165,"column":1}},"line":101},"8":{"name":"(anonymous_8)","decl":{"start":{"line":131,"column":55},"end":{"line":131,"column":56}},"loc":{"start":{"line":131,"column":69},"end":{"line":155,"column":5}},"line":131},"9":{"name":"(anonymous_9)","decl":{"start":{"line":145,"column":50},"end":{"line":145,"column":51}},"loc":{"start":{"line":145,"column":61},"end":{"line":149,"column":7}},"line":145},"10":{"name":"(anonymous_10)","decl":{"start":{"line":168,"column":20},"end":{"line":168,"column":21}},"loc":{"start":{"line":168,"column":32},"end":{"line":200,"column":1}},"line":168},"11":{"name":"(anonymous_11)","decl":{"start":{"line":185,"column":25},"end":{"line":185,"column":26}},"loc":{"start":{"line":185,"column":39},"end":{"line":195,"column":5}},"line":185},"12":{"name":"(anonymous_12)","decl":{"start":{"line":186,"column":52},"end":{"line":186,"column":53}},"loc":{"start":{"line":186,"column":67},"end":{"line":188,"column":7}},"line":186},"13":{"name":"(anonymous_13)","decl":{"start":{"line":203,"column":23},"end":{"line":203,"column":24}},"loc":{"start":{"line":203,"column":54},"end":{"line":228,"column":1}},"line":203},"14":{"name":"(anonymous_14)","decl":{"start":{"line":230,"column":29},"end":{"line":230,"column":30}},"loc":{"start":{"line":230,"column":73},"end":{"line":256,"column":1}},"line":230},"15":{"name":"(anonymous_15)","decl":{"start":{"line":242,"column":49},"end":{"line":242,"column":50}},"loc":{"start":{"line":242,"column":56},"end":{"line":242,"column":75}},"line":242},"16":{"name":"(anonymous_16)","decl":{"start":{"line":258,"column":22},"end":{"line":258,"column":23}},"loc":{"start":{"line":258,"column":31},"end":{"line":268,"column":1}},"line":258},"17":{"name":"(anonymous_17)","decl":{"start":{"line":263,"column":47},"end":{"line":263,"column":48}},"loc":{"start":{"line":263,"column":62},"end":{"line":265,"column":3}},"line":263},"18":{"name":"(anonymous_18)","decl":{"start":{"line":270,"column":29},"end":{"line":270,"column":30}},"loc":{"start":{"line":270,"column":76},"end":{"line":286,"column":1}},"line":270},"19":{"name":"(anonymous_19)","decl":{"start":{"line":271,"column":41},"end":{"line":271,"column":42}},"loc":{"start":{"line":271,"column":58},"end":{"line":274,"column":3}},"line":271},"20":{"name":"(anonymous_20)","decl":{"start":{"line":288,"column":20},"end":{"line":288,"column":21}},"loc":{"start":{"line":288,"column":32},"end":{"line":290,"column":1}},"line":288},"21":{"name":"(anonymous_21)","decl":{"start":{"line":292,"column":16},"end":{"line":292,"column":17}},"loc":{"start":{"line":292,"column":84},"end":{"line":314,"column":1}},"line":292},"22":{"name":"(anonymous_22)","decl":{"start":{"line":316,"column":22},"end":{"line":316,"column":23}},"loc":{"start":{"line":316,"column":39},"end":{"line":330,"column":1}},"line":316},"23":{"name":"(anonymous_23)","decl":{"start":{"line":332,"column":20},"end":{"line":332,"column":21}},"loc":{"start":{"line":332,"column":34},"end":{"line":344,"column":1}},"line":332}},"branchMap":{"0":{"loc":{"start":{"line":13,"column":2},"end":{"line":15,"column":3}},"type":"if","locations":[{"start":{"line":13,"column":2},"end":{"line":15,"column":3}},{"start":{},"end":{}}],"line":13},"1":{"loc":{"start":{"line":22,"column":2},"end":{"line":24,"column":3}},"type":"if","locations":[{"start":{"line":22,"column":2},"end":{"line":24,"column":3}},{"start":{},"end":{}}],"line":22},"2":{"loc":{"start":{"line":29,"column":2},"end":{"line":31,"column":3}},"type":"if","locations":[{"start":{"line":29,"column":2},"end":{"line":31,"column":3}},{"start":{},"end":{}}],"line":29},"3":{"loc":{"start":{"line":29,"column":6},"end":{"line":29,"column":58}},"type":"binary-expr","locations":[{"start":{"line":29,"column":6},"end":{"line":29,"column":22}},{"start":{"line":29,"column":26},"end":{"line":29,"column":41}},{"start":{"line":29,"column":45},"end":{"line":29,"column":58}}],"line":29},"4":{"loc":{"start":{"line":37,"column":2},"end":{"line":39,"column":3}},"type":"if","locations":[{"start":{"line":37,"column":2},"end":{"line":39,"column":3}},{"start":{},"end":{}}],"line":37},"5":{"loc":{"start":{"line":44,"column":2},"end":{"line":58,"column":3}},"type":"if","locations":[{"start":{"line":44,"column":2},"end":{"line":58,"column":3}},{"start":{"line":47,"column":9},"end":{"line":58,"column":3}}],"line":44},"6":{"loc":{"start":{"line":63,"column":2},"end":{"line":65,"column":3}},"type":"if","locations":[{"start":{"line":63,"column":2},"end":{"line":65,"column":3}},{"start":{},"end":{}}],"line":63},"7":{"loc":{"start":{"line":69,"column":2},"end":{"line":71,"column":3}},"type":"if","locations":[{"start":{"line":69,"column":2},"end":{"line":71,"column":3}},{"start":{},"end":{}}],"line":69},"8":{"loc":{"start":{"line":74,"column":2},"end":{"line":76,"column":3}},"type":"if","locations":[{"start":{"line":74,"column":2},"end":{"line":76,"column":3}},{"start":{},"end":{}}],"line":74},"9":{"loc":{"start":{"line":83,"column":2},"end":{"line":85,"column":3}},"type":"if","locations":[{"start":{"line":83,"column":2},"end":{"line":85,"column":3}},{"start":{},"end":{}}],"line":83},"10":{"loc":{"start":{"line":87,"column":2},"end":{"line":89,"column":3}},"type":"if","locations":[{"start":{"line":87,"column":2},"end":{"line":89,"column":3}},{"start":{},"end":{}}],"line":87},"11":{"loc":{"start":{"line":103,"column":2},"end":{"line":105,"column":3}},"type":"if","locations":[{"start":{"line":103,"column":2},"end":{"line":105,"column":3}},{"start":{},"end":{}}],"line":103},"12":{"loc":{"start":{"line":103,"column":6},"end":{"line":103,"column":43}},"type":"binary-expr","locations":[{"start":{"line":103,"column":6},"end":{"line":103,"column":15}},{"start":{"line":103,"column":19},"end":{"line":103,"column":43}}],"line":103},"13":{"loc":{"start":{"line":107,"column":2},"end":{"line":109,"column":3}},"type":"if","locations":[{"start":{"line":107,"column":2},"end":{"line":109,"column":3}},{"start":{},"end":{}}],"line":107},"14":{"loc":{"start":{"line":111,"column":2},"end":{"line":115,"column":3}},"type":"if","locations":[{"start":{"line":111,"column":2},"end":{"line":115,"column":3}},{"start":{},"end":{}}],"line":111},"15":{"loc":{"start":{"line":111,"column":6},"end":{"line":111,"column":54}},"type":"binary-expr","locations":[{"start":{"line":111,"column":6},"end":{"line":111,"column":24}},{"start":{"line":111,"column":28},"end":{"line":111,"column":40}},{"start":{"line":111,"column":44},"end":{"line":111,"column":54}}],"line":111},"16":{"loc":{"start":{"line":117,"column":2},"end":{"line":119,"column":3}},"type":"if","locations":[{"start":{"line":117,"column":2},"end":{"line":119,"column":3}},{"start":{},"end":{}}],"line":117},"17":{"loc":{"start":{"line":207,"column":2},"end":{"line":209,"column":3}},"type":"if","locations":[{"start":{"line":207,"column":2},"end":{"line":209,"column":3}},{"start":{},"end":{}}],"line":207},"18":{"loc":{"start":{"line":207,"column":6},"end":{"line":207,"column":30}},"type":"binary-expr","locations":[{"start":{"line":207,"column":6},"end":{"line":207,"column":15}},{"start":{"line":207,"column":19},"end":{"line":207,"column":30}}],"line":207},"19":{"loc":{"start":{"line":223,"column":4},"end":{"line":225,"column":5}},"type":"if","locations":[{"start":{"line":223,"column":4},"end":{"line":225,"column":5}},{"start":{},"end":{}}],"line":223},"20":{"loc":{"start":{"line":231,"column":2},"end":{"line":233,"column":3}},"type":"if","locations":[{"start":{"line":231,"column":2},"end":{"line":233,"column":3}},{"start":{},"end":{}}],"line":231},"21":{"loc":{"start":{"line":238,"column":2},"end":{"line":240,"column":3}},"type":"if","locations":[{"start":{"line":238,"column":2},"end":{"line":240,"column":3}},{"start":{},"end":{}}],"line":238},"22":{"loc":{"start":{"line":238,"column":6},"end":{"line":238,"column":50}},"type":"binary-expr","locations":[{"start":{"line":238,"column":6},"end":{"line":238,"column":15}},{"start":{"line":238,"column":19},"end":{"line":238,"column":34}},{"start":{"line":238,"column":38},"end":{"line":238,"column":50}}],"line":238},"23":{"loc":{"start":{"line":244,"column":2},"end":{"line":246,"column":3}},"type":"if","locations":[{"start":{"line":244,"column":2},"end":{"line":246,"column":3}},{"start":{},"end":{}}],"line":244},"24":{"loc":{"start":{"line":248,"column":2},"end":{"line":251,"column":3}},"type":"if","locations":[{"start":{"line":248,"column":2},"end":{"line":251,"column":3}},{"start":{},"end":{}}],"line":248},"25":{"loc":{"start":{"line":259,"column":2},"end":{"line":261,"column":3}},"type":"if","locations":[{"start":{"line":259,"column":2},"end":{"line":261,"column":3}},{"start":{},"end":{}}],"line":259},"26":{"loc":{"start":{"line":293,"column":2},"end":{"line":295,"column":3}},"type":"if","locations":[{"start":{"line":293,"column":2},"end":{"line":295,"column":3}},{"start":{},"end":{}}],"line":293},"27":{"loc":{"start":{"line":293,"column":6},"end":{"line":293,"column":75}},"type":"binary-expr","locations":[{"start":{"line":293,"column":6},"end":{"line":293,"column":10}},{"start":{"line":293,"column":14},"end":{"line":293,"column":21}},{"start":{"line":293,"column":25},"end":{"line":293,"column":38}},{"start":{"line":293,"column":42},"end":{"line":293,"column":62}},{"start":{"line":293,"column":66},"end":{"line":293,"column":75}}],"line":293},"28":{"loc":{"start":{"line":309,"column":4},"end":{"line":311,"column":5}},"type":"if","locations":[{"start":{"line":309,"column":4},"end":{"line":311,"column":5}},{"start":{},"end":{}}],"line":309},"29":{"loc":{"start":{"line":317,"column":2},"end":{"line":319,"column":3}},"type":"if","locations":[{"start":{"line":317,"column":2},"end":{"line":319,"column":3}},{"start":{},"end":{}}],"line":317},"30":{"loc":{"start":{"line":333,"column":2},"end":{"line":335,"column":3}},"type":"if","locations":[{"start":{"line":333,"column":2},"end":{"line":335,"column":3}},{"start":{},"end":{}}],"line":333}},"s":{"0":0,"1":0,"2":0,"3":0,"4":0,"5":0,"6":0,"7":0,"8":0,"9":0,"10":0,"11":0,"12":0,"13":0,"14":0,"15":0,"16":0,"17":0,"18":0,"19":0,"20":0,"21":0,"22":0,"23":0,"24":0,"25":0,"26":0,"27":0,"28":0,"29":0,"30":0,"31":0,"32":0,"33":0,"34":0,"35":0,"36":0,"37":0,"38":0,"39":0,"40":0,"41":0,"42":0,"43":0,"44":0,"45":0,"46":0,"47":0,"48":0,"49":0,"50":0,"51":0,"52":0,"53":0,"54":0,"55":0,"56":0,"57":0,"58":0,"59":0,"60":0,"61":0,"62":0,"63":0,"64":0,"65":0,"66":0,"67":0,"68":0,"69":0,"70":0,"71":0,"72":0,"73":0,"74":0,"75":0,"76":0,"77":0,"78":0,"79":0,"80":0,"81":0,"82":0,"83":0,"84":0,"85":0,"86":0,"87":0,"88":0,"89":0,"90":0,"91":0,"92":0,"93":0,"94":0,"95":0,"96":0,"97":0,"98":0,"99":0,"100":0,"101":0,"102":0,"103":0,"104":0,"105":0,"106":0,"107":0,"108":0,"109":0,"110":0,"111":0,"112":0,"113":0,"114":0,"115":0,"116":0,"117":0,"118":0,"119":0,"120":0,"121":0,"122":0,"123":0,"124":0,"125":0,"126":0,"127":0,"128":0,"129":0,"130":0,"131":0,"132":0,"133":0,"134":0,"135":0,"136":0,"137":0,"138":0,"139":0,"140":0,"141":0,"142":0,"143":0},"f":{"0":0,"1":0,"2":0,"3":0,"4":0,"5":0,"6":0,"7":0,"8":0,"9":0,"10":0,"11":0,"12":0,"13":0,"14":0,"15":0,"16":0,"17":0,"18":0,"19":0,"20":0,"21":0,"22":0,"23":0},"b":{"0":[0,0],"1":[0,0],"2":[0,0],"3":[0,0,0],"4":[0,0],"5":[0,0],"6":[0,0],"7":[0,0],"8":[0,0],"9":[0,0],"10":[0,0],"11":[0,0],"12":[0,0],"13":[0,0],"14":[0,0],"15":[0,0,0],"16":[0,0],"17":[0,0],"18":[0,0],"19":[0,0],"20":[0,0],"21":[0,0],"22":[0,0,0],"23":[0,0],"24":[0,0],"25":[0,0],"26":[0,0],"27":[0,0,0,0,0],"28":[0,0],"29":[0,0],"30":[0,0]},"inputSourceMap":null}
}
