TN:
SF:auth.js
FN:13,(anonymous_0)
FN:34,(anonymous_1)
FN:39,(anonymous_2)
FNF:3
FNH:0
FNDA:0,(anonymous_0)
FNDA:0,(anonymous_1)
FNDA:0,(anonymous_2)
DA:6,0
DA:12,0
DA:14,0
DA:16,0
DA:17,0
DA:18,0
DA:21,0
DA:22,0
DA:23,0
DA:26,0
DA:28,0
DA:34,0
DA:35,0
DA:39,0
DA:40,0
DA:41,0
DA:42,0
DA:44,0
LF:18
LH:0
BRDA:17,0,0,0
BRDA:17,0,1,0
BRDA:22,1,0,0
BRDA:22,1,1,0
BRF:4
BRH:0
end_of_record
TN:
SF:csp-options.js
FNF:0
FNH:0
DA:1,0
DA:3,0
DA:4,0
LF:3
LH:0
BRDA:3,0,0,0
BRDA:3,0,1,0
BRF:2
BRH:0
end_of_record
TN:
SF:routes.js
FN:34,(anonymous_0)
FN:45,(anonymous_1)
FN:71,(anonymous_2)
FN:98,(anonymous_3)
FN:131,(anonymous_4)
FN:149,(anonymous_5)
FN:173,(anonymous_6)
FN:193,(anonymous_7)
FN:203,(anonymous_8)
FN:215,(anonymous_9)
FN:229,(anonymous_10)
FN:288,(anonymous_11)
FN:305,(anonymous_12)
FN:325,(anonymous_13)
FN:349,(anonymous_14)
FN:350,(anonymous_15)
FN:361,(anonymous_16)
FN:377,(anonymous_17)
FN:378,(anonymous_18)
FNF:19
FNH:0
FNDA:0,(anonymous_0)
FNDA:0,(anonymous_1)
FNDA:0,(anonymous_2)
FNDA:0,(anonymous_3)
FNDA:0,(anonymous_4)
FNDA:0,(anonymous_5)
FNDA:0,(anonymous_6)
FNDA:0,(anonymous_7)
FNDA:0,(anonymous_8)
FNDA:0,(anonymous_9)
FNDA:0,(anonymous_10)
FNDA:0,(anonymous_11)
FNDA:0,(anonymous_12)
FNDA:0,(anonymous_13)
FNDA:0,(anonymous_14)
FNDA:0,(anonymous_15)
FNDA:0,(anonymous_16)
FNDA:0,(anonymous_17)
FNDA:0,(anonymous_18)
DA:28,0
DA:30,0
DA:34,0
DA:35,0
DA:36,0
DA:37,0
DA:38,0
DA:40,0
DA:41,0
DA:45,0
DA:46,0
DA:47,0
DA:67,0
DA:71,0
DA:72,0
DA:73,0
DA:94,0
DA:98,0
DA:99,0
DA:100,0
DA:123,0
DA:127,0
DA:132,0
DA:133,0
DA:134,0
DA:135,0
DA:140,0
DA:141,0
DA:145,0
DA:150,0
DA:151,0
DA:152,0
DA:153,0
DA:155,0
DA:160,0
DA:164,0
DA:169,0
DA:174,0
DA:175,0
DA:176,0
DA:177,0
DA:178,0
DA:182,0
DA:187,0
DA:188,0
DA:193,0
DA:194,0
DA:195,0
DA:196,0
DA:198,0
DA:199,0
DA:203,0
DA:204,0
DA:205,0
DA:206,0
DA:210,0
DA:211,0
DA:215,0
DA:216,0
DA:217,0
DA:218,0
DA:220,0
DA:221,0
DA:225,0
DA:230,0
DA:231,0
DA:233,0
DA:234,0
DA:239,0
DA:240,0
DA:241,0
DA:246,0
DA:247,0
DA:248,0
DA:254,0
DA:262,0
DA:279,0
DA:283,0
DA:288,0
DA:289,0
DA:290,0
DA:291,0
DA:301,0
DA:305,0
DA:306,0
DA:307,0
DA:308,0
DA:310,0
DA:311,0
DA:314,0
DA:315,0
DA:320,0
DA:321,0
DA:325,0
DA:326,0
DA:328,0
DA:329,0
DA:337,0
DA:339,0
DA:340,0
DA:342,0
DA:343,0
DA:345,0
DA:349,0
DA:350,0
DA:351,0
DA:352,0
DA:355,0
DA:356,0
DA:361,0
DA:362,0
DA:363,0
DA:366,0
DA:368,0
DA:377,0
DA:378,0
DA:379,0
DA:380,0
DA:383,0
DA:390,0
LF:120
LH:0
BRDA:64,0,0,0
BRDA:64,0,1,0
BRDA:91,1,0,0
BRDA:91,1,1,0
BRDA:120,2,0,0
BRDA:120,2,1,0
BRDA:177,3,0,0
BRDA:177,3,1,0
BRDA:233,4,0,0
BRDA:233,4,1,0
BRDA:233,5,0,0
BRDA:233,5,1,0
BRDA:233,5,2,0
BRDA:240,6,0,0
BRDA:240,6,1,0
BRDA:298,7,0,0
BRDA:298,7,1,0
BRDA:310,8,0,0
BRDA:310,8,1,0
BRDA:310,9,0,0
BRDA:310,9,1,0
BRDA:339,10,0,0
BRDA:339,10,1,0
BRDA:342,11,0,0
BRDA:342,11,1,0
BRDA:351,12,0,0
BRDA:351,12,1,0
BRDA:355,13,0,0
BRDA:355,13,1,0
BRDA:357,14,0,0
BRDA:357,14,1,0
BRDA:362,15,0,0
BRDA:362,15,1,0
BRDA:379,16,0,0
BRDA:379,16,1,0
BRF:35
BRH:0
end_of_record
TN:
SF:seed.js
FN:4,main
FN:238,(anonymous_1)
FNF:2
FNH:0
FNDA:0,main
FNDA:0,(anonymous_1)
DA:5,0
DA:9,0
DA:11,0
DA:14,0
DA:15,0
DA:22,0
DA:25,0
DA:26,0
DA:27,0
DA:28,0
DA:29,0
DA:30,0
DA:33,0
DA:34,0
DA:35,0
DA:36,0
DA:41,0
DA:42,0
DA:44,0
DA:45,0
DA:46,0
DA:52,0
DA:57,0
DA:58,0
DA:61,0
DA:62,0
DA:69,0
DA:70,0
DA:75,0
DA:76,0
DA:207,0
DA:208,0
DA:210,0
DA:211,0
DA:212,0
DA:215,0
DA:216,0
DA:218,0
DA:219,0
DA:223,0
DA:224,0
DA:225,0
DA:226,0
DA:228,0
DA:230,0
DA:231,0
DA:232,0
DA:238,0
DA:239,0
DA:240,0
LF:50
LH:0
BRDA:33,0,0,0
BRDA:33,0,1,0
BRDA:44,1,0,0
BRDA:44,1,1,0
BRDA:230,2,0,0
BRDA:230,2,1,0
BRF:6
BRH:0
end_of_record
TN:
SF:server.js
FN:25,(anonymous_0)
FNF:1
FNH:0
FNDA:0,(anonymous_0)
DA:20,0
DA:23,0
DA:25,0
DA:28,0
DA:29,0
DA:30,0
DA:33,0
DA:34,0
DA:35,0
DA:36,0
DA:37,0
DA:40,0
DA:57,0
DA:58,0
DA:61,0
DA:62,0
DA:65,0
DA:66,0
DA:69,0
DA:70,0
DA:71,0
LF:21
LH:0
BRDA:45,0,0,0
BRDA:45,0,1,0
BRF:2
BRH:0
end_of_record
TN:
SF:middlewares\auth.js
FN:2,(anonymous_0)
FN:25,(anonymous_1)
FN:37,(anonymous_2)
FN:52,(anonymous_3)
FNF:4
FNH:0
FNDA:0,(anonymous_0)
FNDA:0,(anonymous_1)
FNDA:0,(anonymous_2)
FNDA:0,(anonymous_3)
DA:2,0
DA:3,0
DA:4,0
DA:5,0
DA:9,0
DA:10,0
DA:18,0
DA:20,0
DA:25,0
DA:26,0
DA:27,0
DA:28,0
DA:30,0
DA:32,0
DA:37,0
DA:38,0
DA:39,0
DA:40,0
DA:41,0
DA:43,0
DA:45,0
DA:47,0
DA:52,0
DA:53,0
DA:54,0
DA:55,0
DA:56,0
DA:58,0
DA:60,0
DA:62,0
LF:30
LH:0
BRDA:4,0,0,0
BRDA:4,0,1,0
BRDA:9,1,0,0
BRDA:9,1,1,0
BRDA:9,2,0,0
BRDA:9,2,1,0
BRDA:27,3,0,0
BRDA:27,3,1,0
BRDA:39,4,0,0
BRDA:39,4,1,0
BRDA:40,5,0,0
BRDA:40,5,1,0
BRDA:54,6,0,0
BRDA:54,6,1,0
BRDA:55,7,0,0
BRDA:55,7,1,0
BRF:16
BRH:0
end_of_record
TN:
SF:middlewares\errorHandler.js
FN:4,(anonymous_0)
FN:50,(anonymous_1)
FNF:2
FNH:0
FNDA:0,(anonymous_0)
FNDA:0,(anonymous_1)
DA:4,0
DA:5,0
DA:8,0
DA:9,0
DA:17,0
DA:50,0
DA:52,0
DA:61,0
DA:64,0
DA:66,0
DA:79,0
LF:11
LH:0
BRDA:8,0,0,0
BRDA:8,0,1,0
BRDA:8,1,0,0
BRDA:8,1,1,0
BRDA:54,2,0,0
BRDA:54,2,1,0
BRDA:61,3,0,0
BRDA:61,3,1,0
BRDA:61,3,2,0
BRDA:64,4,0,0
BRDA:64,4,1,0
BRDA:64,5,0,0
BRDA:64,5,1,0
BRDA:68,6,0,0
BRDA:68,6,1,0
BRDA:71,7,0,0
BRDA:71,7,1,0
BRDA:73,8,0,0
BRDA:73,8,1,0
BRDA:101,9,0,0
BRDA:101,9,1,0
BRDA:102,10,0,0
BRDA:102,10,1,0
BRDA:105,11,0,0
BRDA:105,11,1,0
BRF:25
BRH:0
end_of_record
TN:
SF:middlewares\rateLimiter.js
FNF:0
FNH:0
DA:13,0
DA:30,0
DA:44,0
LF:3
LH:0
BRF:0
BRH:0
end_of_record
TN:
SF:middlewares\validation.js
FN:12,(anonymous_0)
FN:43,(anonymous_1)
FN:64,(anonymous_2)
FN:89,(anonymous_3)
FN:106,(anonymous_4)
FN:132,(anonymous_5)
FNF:6
FNH:0
FNDA:0,(anonymous_0)
FNDA:0,(anonymous_1)
FNDA:0,(anonymous_2)
FNDA:0,(anonymous_3)
FNDA:0,(anonymous_4)
FNDA:0,(anonymous_5)
DA:12,0
DA:13,0
DA:15,0
DA:16,0
DA:21,0
DA:22,0
DA:27,0
DA:28,0
DA:33,0
DA:34,0
DA:39,0
DA:43,0
DA:44,0
DA:46,0
DA:47,0
DA:53,0
DA:54,0
DA:60,0
DA:64,0
DA:65,0
DA:66,0
DA:67,0
DA:68,0
DA:73,0
DA:74,0
DA:78,0
DA:79,0
DA:85,0
DA:89,0
DA:90,0
DA:91,0
DA:92,0
DA:96,0
DA:97,0
DA:102,0
DA:106,0
DA:107,0
DA:108,0
DA:109,0
DA:111,0
DA:112,0
DA:114,0
DA:115,0
DA:117,0
DA:118,0
DA:120,0
DA:121,0
DA:125,0
DA:126,0
DA:128,0
DA:132,0
DA:133,0
DA:134,0
DA:135,0
DA:139,0
DA:140,0
DA:144,0
LF:57
LH:0
BRDA:15,0,0,0
BRDA:15,0,1,0
BRDA:21,1,0,0
BRDA:21,1,1,0
BRDA:27,2,0,0
BRDA:27,2,1,0
BRDA:33,3,0,0
BRDA:33,3,1,0
BRDA:46,4,0,0
BRDA:46,4,1,0
BRDA:46,5,0,0
BRDA:46,5,1,0
BRDA:53,6,0,0
BRDA:53,6,1,0
BRDA:67,7,0,0
BRDA:67,7,1,0
BRDA:73,8,0,0
BRDA:73,8,1,0
BRDA:78,9,0,0
BRDA:78,9,1,0
BRDA:91,10,0,0
BRDA:91,10,1,0
BRDA:96,11,0,0
BRDA:96,11,1,0
BRDA:108,12,0,0
BRDA:108,12,1,0
BRDA:108,13,0,0
BRDA:108,13,1,0
BRDA:108,13,2,0
BRDA:108,13,3,0
BRDA:108,13,4,0
BRDA:111,14,0,0
BRDA:111,14,1,0
BRDA:114,15,0,0
BRDA:114,15,1,0
BRDA:117,16,0,0
BRDA:117,16,1,0
BRDA:120,17,0,0
BRDA:120,17,1,0
BRDA:125,18,0,0
BRDA:125,18,1,0
BRDA:134,19,0,0
BRDA:134,19,1,0
BRDA:134,20,0,0
BRDA:134,20,1,0
BRDA:139,21,0,0
BRDA:139,21,1,0
BRF:47
BRH:0
end_of_record
TN:
SF:model\restaurant.js
FN:7,(anonymous_0)
FN:12,(anonymous_1)
FN:20,(anonymous_2)
FN:42,(anonymous_3)
FN:62,(anonymous_4)
FN:73,(anonymous_5)
FN:82,(anonymous_6)
FN:95,(anonymous_7)
FN:131,(anonymous_8)
FN:145,(anonymous_9)
FN:168,(anonymous_10)
FN:185,(anonymous_11)
FN:186,(anonymous_12)
FN:203,(anonymous_13)
FN:230,(anonymous_14)
FN:242,(anonymous_15)
FN:258,(anonymous_16)
FN:263,(anonymous_17)
FN:270,(anonymous_18)
FN:271,(anonymous_19)
FN:288,(anonymous_20)
FN:292,(anonymous_21)
FN:316,(anonymous_22)
FN:332,(anonymous_23)
FNF:24
FNH:0
FNDA:0,(anonymous_0)
FNDA:0,(anonymous_1)
FNDA:0,(anonymous_2)
FNDA:0,(anonymous_3)
FNDA:0,(anonymous_4)
FNDA:0,(anonymous_5)
FNDA:0,(anonymous_6)
FNDA:0,(anonymous_7)
FNDA:0,(anonymous_8)
FNDA:0,(anonymous_9)
FNDA:0,(anonymous_10)
FNDA:0,(anonymous_11)
FNDA:0,(anonymous_12)
FNDA:0,(anonymous_13)
FNDA:0,(anonymous_14)
FNDA:0,(anonymous_15)
FNDA:0,(anonymous_16)
FNDA:0,(anonymous_17)
FNDA:0,(anonymous_18)
FNDA:0,(anonymous_19)
FNDA:0,(anonymous_20)
FNDA:0,(anonymous_21)
FNDA:0,(anonymous_22)
FNDA:0,(anonymous_23)
DA:4,0
DA:7,0
DA:8,0
DA:12,0
DA:13,0
DA:14,0
DA:16,0
DA:20,0
DA:22,0
DA:23,0
DA:26,0
DA:27,0
DA:29,0
DA:30,0
DA:33,0
DA:37,0
DA:38,0
DA:42,0
DA:44,0
DA:45,0
DA:46,0
DA:48,0
DA:56,0
DA:57,0
DA:62,0
DA:63,0
DA:64,0
DA:67,0
DA:69,0
DA:70,0
DA:73,0
DA:74,0
DA:75,0
DA:77,0
DA:78,0
DA:82,0
DA:83,0
DA:84,0
DA:87,0
DA:88,0
DA:90,0
DA:91,0
DA:95,0
DA:103,0
DA:104,0
DA:107,0
DA:108,0
DA:111,0
DA:112,0
DA:117,0
DA:118,0
DA:121,0
DA:130,0
DA:131,0
DA:133,0
DA:134,0
DA:135,0
DA:145,0
DA:151,0
DA:154,0
DA:158,0
DA:160,0
DA:162,0
DA:163,0
DA:168,0
DA:169,0
DA:170,0
DA:185,0
DA:186,0
DA:187,0
DA:190,0
DA:197,0
DA:198,0
DA:203,0
DA:204,0
DA:205,0
DA:207,0
DA:208,0
DA:211,0
DA:212,0
DA:219,0
DA:221,0
DA:223,0
DA:224,0
DA:226,0
DA:230,0
DA:231,0
DA:232,0
DA:235,0
DA:236,0
DA:238,0
DA:239,0
DA:242,0
DA:244,0
DA:245,0
DA:248,0
DA:249,0
DA:250,0
DA:253,0
DA:255,0
DA:258,0
DA:259,0
DA:260,0
DA:263,0
DA:264,0
DA:267,0
DA:270,0
DA:271,0
DA:272,0
DA:273,0
DA:276,0
DA:277,0
DA:278,0
DA:280,0
DA:288,0
DA:289,0
DA:292,0
DA:293,0
DA:294,0
DA:296,0
DA:297,0
DA:298,0
DA:307,0
DA:309,0
DA:310,0
DA:312,0
DA:316,0
DA:317,0
DA:318,0
DA:320,0
DA:321,0
DA:326,0
DA:328,0
DA:332,0
DA:333,0
DA:334,0
DA:336,0
DA:337,0
DA:340,0
DA:342,0
LF:140
LH:0
BRDA:13,0,0,0
BRDA:13,0,1,0
BRDA:22,1,0,0
BRDA:22,1,1,0
BRDA:29,2,0,0
BRDA:29,2,1,0
BRDA:29,3,0,0
BRDA:29,3,1,0
BRDA:29,3,2,0
BRDA:37,4,0,0
BRDA:37,4,1,0
BRDA:44,5,0,0
BRDA:44,5,1,0
BRDA:63,6,0,0
BRDA:63,6,1,0
BRDA:69,7,0,0
BRDA:69,7,1,0
BRDA:74,8,0,0
BRDA:74,8,1,0
BRDA:83,9,0,0
BRDA:83,9,1,0
BRDA:87,10,0,0
BRDA:87,10,1,0
BRDA:103,11,0,0
BRDA:103,11,1,0
BRDA:103,12,0,0
BRDA:103,12,1,0
BRDA:107,13,0,0
BRDA:107,13,1,0
BRDA:111,14,0,0
BRDA:111,14,1,0
BRDA:111,15,0,0
BRDA:111,15,1,0
BRDA:111,15,2,0
BRDA:117,16,0,0
BRDA:117,16,1,0
BRDA:207,17,0,0
BRDA:207,17,1,0
BRDA:207,18,0,0
BRDA:207,18,1,0
BRDA:223,19,0,0
BRDA:223,19,1,0
BRDA:231,20,0,0
BRDA:231,20,1,0
BRDA:238,21,0,0
BRDA:238,21,1,0
BRDA:238,22,0,0
BRDA:238,22,1,0
BRDA:238,22,2,0
BRDA:244,23,0,0
BRDA:244,23,1,0
BRDA:248,24,0,0
BRDA:248,24,1,0
BRDA:259,25,0,0
BRDA:259,25,1,0
BRDA:293,26,0,0
BRDA:293,26,1,0
BRDA:293,27,0,0
BRDA:293,27,1,0
BRDA:293,27,2,0
BRDA:293,27,3,0
BRDA:293,27,4,0
BRDA:309,28,0,0
BRDA:309,28,1,0
BRDA:317,29,0,0
BRDA:317,29,1,0
BRDA:333,30,0,0
BRDA:333,30,1,0
BRF:68
BRH:0
end_of_record
